2017-12-15 08:05:08,073 : INFO : Thread-2 : ExtensionLoaderComponent.__M_start :    Some jars have been found in [/home4/yv965015/VERON/M2/S1/BDED/TP/JONAS/jonas-full-5.3.0/lib/ext, /home4/yv965015/VERON/M2/S1/BDED/TP/JONAS/MyJonas/lib/ext]. They have been transformed into bundles (see /home4/yv965015/VERON/M2/S1/BDED/TP/JONAS/MyJonas/work/ext-bundles directory).This is NOT the preferred way to extend JOnAS libraries, prefer to use carefully created and tested bundles, and place them in your deploy/ directory.
2017-12-15 08:05:08,183 : INFO : Thread-2 : ExtensionLoaderComponent.__M_start :    file:/home4/yv965015/VERON/M2/S1/BDED/TP/JONAS/MyJonas/work/ext-bundles/ojdbc14.jar installed as a bundle.
2017-12-15 08:05:08,518 : INFO : Thread-2 : NameServiceManager.startNonStartedNS :    Name service for jrmp is started on port ' 1099'.
2017-12-15 08:05:08,522 : INFO : Thread-2 : CarolRegistryService.__M_doStart :    Carol Registry Service started
2017-12-15 08:05:08,725 : INFO : Thread-2 : JOnASJMXService$2.execute :    JMX security is disabled
2017-12-15 08:05:08,727 : INFO : Thread-2 : JOnASJMXService.__M_doStart :    JMX Service started using connector(s)[service:jmx:rmi://localhost/jndi/rmi://localhost:1099/jrmpconnector_jonas]
2017-12-15 08:05:08,781 : INFO : Thread-2 : EndpointCollector.__M_doStart :    Endpoint Collector started.
2017-12-15 08:05:08,910 : INFO : Thread-2 : PolicyProvider.init :    Using JOnAS PolicyConfigurationFactory provider and JOnAS Policy provider
2017-12-15 08:05:09,311 : INFO : Thread-2 : JonasSecurityServiceImpl.__M_doStart :    Security Service started
2017-12-15 08:05:09,812 : INFO : Thread-2 : J2EEServer.__M_setStarting :    JVM used is 1.7.0_03 version of Java HotSpot(TM) Server VM-22.1-b02/Oracle Corporation vendor on Linux 3.16.0-4-amd64/i386 OS.
2017-12-15 08:05:09,813 : INFO : Thread-2 : J2EEServer.__M_info :    JOnAS AS v5.3.0 named 'jonas' STARTING
2017-12-15 08:05:10,039 : INFO : CM Configuration Updater (ManagedServiceFactory Update: factoryPid=org.ow2.jonas.workcleaner.internal.JOnASWorkCleanerService) : JOnASWorkCleanerService.__M_doStart :    WorkCleaner Service started.
2017-12-15 08:05:10,100 : INFO : CM Configuration Updater (ManagedServiceFactory Update: factoryPid=org.ow2.jonas.tm.jotm.JOTMTransactionService) : TransactionRecoveryImpl.<init> :    JOTM properties file= /home4/yv965015/VERON/M2/S1/BDED/TP/JONAS/MyJonas/conf/jotm.properties
2017-12-15 08:05:10,106 : INFO : CM Configuration Updater (ManagedServiceFactory Update: factoryPid=org.ow2.jonas.tm.jotm.JOTMTransactionService) : Current.setDefaultRecovery :    Jotm Recovery= false
2017-12-15 08:05:10,153 : INFO : CM Configuration Updater (ManagedServiceFactory Update: factoryPid=org.ow2.jonas.tm.jotm.JOTMTransactionService) : JOTMTransactionService.__M_doStart :    TransactionService started, default timeout= 60
2017-12-15 08:05:10,296 : INFO : CM Configuration Updater (ManagedServiceFactory Update: factoryPid=org.ow2.jonas.db.h2.H2DBServiceImpl) : H2DBServiceImpl.__M_doStart :    Starting H2 Server '1.3.164' on port '9001'
2017-12-15 08:05:10,494 : INFO : Thread-2 : JNDIInterceptorsComponent.__M_start :    JNDI Interceptors component started
2017-12-15 08:05:12,727 : INFO : CM Configuration Updater (ManagedServiceFactory Update: factoryPid=org.ow2.jonas.db.h2.H2DBServiceImpl) : H2DBServiceImpl.__M_doStart :    Dropping and adding user 'jonas' with password 'jonas'.
2017-12-15 08:05:12,879 : INFO : CM Configuration Updater (Update: pid=org.ow2.jonas.workmanager.internal.JOnASWorkManagerService.2ee3b0e3-c3c2-42fd-8d84-53f603f3083b) : JOnASWorkManagerService.__M_doStart :    WorkManager Service started.
2017-12-15 08:05:13,141 : INFO : CM Configuration Updater (Update: pid=org.ow2.jonas.resource.internal.JOnASResourceService.3ff88443-cc17-48d4-b76e-42606527e368) : RARDeployer.doDeploy :    Deploying jonas-jca-jdbc-cp-5.3.0.rar
2017-12-15 08:05:13,397 : INFO : CM Configuration Updater (Update: pid=org.ow2.jonas.resource.internal.JOnASResourceService.3ff88443-cc17-48d4-b76e-42606527e368) : Rar.processRar :    jonas-jca-jdbc-cp-5.3.0.rar available
2017-12-15 08:05:13,413 : INFO : CM Configuration Updater (Update: pid=org.ow2.jonas.resource.internal.JOnASResourceService.3ff88443-cc17-48d4-b76e-42606527e368) : RARDeployer.doDeploy :    Deploying jonas-jca-jdbc-ds-5.3.0.rar
2017-12-15 08:05:13,475 : INFO : CM Configuration Updater (Update: pid=org.ow2.jonas.resource.internal.JOnASResourceService.3ff88443-cc17-48d4-b76e-42606527e368) : Rar.processRar :    jonas-jca-jdbc-ds-5.3.0.rar available
2017-12-15 08:05:13,502 : INFO : CM Configuration Updater (Update: pid=org.ow2.jonas.resource.internal.JOnASResourceService.3ff88443-cc17-48d4-b76e-42606527e368) : RARDeployer.doDeploy :    Deploying jonas-jca-jdbc-dm-5.3.0.rar
2017-12-15 08:05:13,566 : INFO : CM Configuration Updater (Update: pid=org.ow2.jonas.resource.internal.JOnASResourceService.3ff88443-cc17-48d4-b76e-42606527e368) : Rar.processRar :    jonas-jca-jdbc-dm-5.3.0.rar available
2017-12-15 08:05:13,597 : INFO : CM Configuration Updater (Update: pid=org.ow2.jonas.resource.internal.JOnASResourceService.3ff88443-cc17-48d4-b76e-42606527e368) : RARDeployer.doDeploy :    Deploying jonas-jca-jdbc-xa-5.3.0.rar
2017-12-15 08:05:13,665 : INFO : CM Configuration Updater (Update: pid=org.ow2.jonas.resource.internal.JOnASResourceService.3ff88443-cc17-48d4-b76e-42606527e368) : Rar.processRar :    jonas-jca-jdbc-xa-5.3.0.rar available
2017-12-15 08:05:13,665 : INFO : CM Configuration Updater (Update: pid=org.ow2.jonas.resource.internal.JOnASResourceService.3ff88443-cc17-48d4-b76e-42606527e368) : JOnASResourceService.__M_doStart :    Resource Service started
2017-12-15 08:05:13,896 : INFO : CM Configuration Updater (Update: pid=org.ow2.jonas.ejb.easybeans.EasyBeansService.47a00021-7d17-41e1-9136-35038ae5720c) : SchedulerSignalerImpl.<init> :    Initialized Scheduler Signaller of type: class org.quartz.core.SchedulerSignalerImpl
2017-12-15 08:05:13,898 : INFO : CM Configuration Updater (Update: pid=org.ow2.jonas.ejb.easybeans.EasyBeansService.47a00021-7d17-41e1-9136-35038ae5720c) : EventComponent.start :    started.
2017-12-15 08:05:13,904 : INFO : CM Configuration Updater (Update: pid=org.ow2.jonas.ejb.easybeans.EasyBeansService.47a00021-7d17-41e1-9136-35038ae5720c) : StatisticComponent.start :    Statistics component started with factories: [org.ow2.easybeans.statistic.MeanCallTimeStatisticFactory, org.ow2.easybeans.statistic.CallCountStatisticFactory, org.ow2.easybeans.statistic.TotalCallTimeStatisticFactory]
2017-12-15 08:05:13,904 : INFO : CM Configuration Updater (Update: pid=org.ow2.jonas.ejb.easybeans.EasyBeansService.47a00021-7d17-41e1-9136-35038ae5720c) : ComponentManager.startComponents :    [ Component(s) started : Quartz Event Carol RemoteJNDIResolver Jmx Statistic ]
2017-12-15 08:05:13,915 : INFO : CM Configuration Updater (Update: pid=org.ow2.jonas.ejb.easybeans.EasyBeansService.47a00021-7d17-41e1-9136-35038ae5720c) : Embedded.start :    Démarrage de EasyBeans '2.0.0' effectué en '84' ms.
2017-12-15 08:05:14,422 : INFO : CM Configuration Updater (Update: pid=org.ow2.jonas.ws.publish.internal.manager.DefaultWSDLPublisherManager.f6bafb42-7b2f-4489-a432-6cab477bb720) : InstrumentationManagerImpl.registerMBeanWithServer :    registering MBean org.apache.cxf:bus.id=cxf26208782,WorkQueueManager=Bus.WorkQueueManager,type=WorkQueues,name=default,instance.id=22969379: org.apache.cxf.bus.managers.WorkQueueImplMBeanWrapper@281a08
2017-12-15 08:05:14,432 : INFO : CM Configuration Updater (Update: pid=org.ow2.jonas.ws.publish.internal.manager.DefaultWSDLPublisherManager.f6bafb42-7b2f-4489-a432-6cab477bb720) : InstrumentationManagerImpl.registerMBeanWithServer :    registering MBean org.apache.cxf:bus.id=cxf26208782,WorkQueueManager=Bus.WorkQueueManager,type=WorkQueues,name=default,instance.id=22969379: javax.management.modelmbean.RequiredModelMBean@7c1ef1
2017-12-15 08:05:14,442 : INFO : CM Configuration Updater (Update: pid=org.ow2.jonas.ws.publish.internal.manager.DefaultWSDLPublisherManager.f6bafb42-7b2f-4489-a432-6cab477bb720) : CXFService.__M_doStart :    Apache CXF 2.7.4 started
2017-12-15 08:05:15,358 : INFO : CM Configuration Updater (Update: pid=org.ow2.jonas.web.tomcat7.Tomcat7Service.70cf9042-8c50-42cc-8426-877a5a6d114a) : StandardService.startInternal :    Starting service jonas
2017-12-15 08:05:15,360 : INFO : CM Configuration Updater (Update: pid=org.ow2.jonas.web.tomcat7.Tomcat7Service.70cf9042-8c50-42cc-8426-877a5a6d114a) : StandardEngine.startInternal :    Starting Servlet Engine: Apache Tomcat/7.0.39
2017-12-15 08:05:15,542 : INFO : CM Configuration Updater (Update: pid=org.ow2.jonas.web.tomcat7.Tomcat7Service.70cf9042-8c50-42cc-8426-877a5a6d114a) : WebappLoader.startInternal :    Dual registration of jndi stream handler: factory already defined
2017-12-15 08:05:16,361 : INFO : CM Configuration Updater (Update: pid=org.ow2.jonas.ear.internal.JOnASEARService.f2c4dfdb-a32e-41af-adf3-344444e6f5a2) : JOnASEARService.__M_doStart :    EAR Service started
2017-12-15 08:05:16,414 : INFO : CM Configuration Updater (Update: pid=org.ow2.jonas.deployablemonitor.DeployableMonitorService.d7065e31-b9fb-4fa7-92bc-575aebe32070) : DeployableMonitorService.__M_doStart :    Use the deploy directories '[]', development mode is 'true'
2017-12-15 08:05:17,672 : INFO : Thread-12 : DeployableMonitor.detectNewArchives :    Deployables to deploy at startup: [[[DatasourceDeployable:/home4/yv965015/VERON/M2/S1/BDED/TP/JONAS/MyJonas/deploy/jdbc-ds.xml], [ConfigAdminDeployable:/home4/yv965015/VERON/M2/S1/BDED/TP/JONAS/MyJonas/deploy/joramAdminConfig.xml], [ConfigAdminDeployable:/home4/yv965015/VERON/M2/S1/BDED/TP/JONAS/MyJonas/deploy/joramAdminUserConfig.xml], [ConfigAdminDeployable:/home4/yv965015/VERON/M2/S1/BDED/TP/JONAS/MyJonas/deploy/tomcat7-http-connector.xml], [DeploymentPlan:/home4/yv965015/VERON/M2/S1/BDED/TP/JONAS/MyJonas/deploy/jms-joram-client-plan.xml], [DeploymentPlan:/home4/yv965015/VERON/M2/S1/BDED/TP/JONAS/MyJonas/deploy/jms-joram-server-plan.xml], [DeploymentPlan:/home4/yv965015/VERON/M2/S1/BDED/TP/JONAS/MyJonas/deploy/jonas-admin-plan.xml], [DeploymentPlan:/home4/yv965015/VERON/M2/S1/BDED/TP/JONAS/MyJonas/deploy/jonas-ctxroot-plan.xml], [DeploymentPlan:/home4/yv965015/VERON/M2/S1/BDED/TP/JONAS/MyJonas/deploy/jonas-doc-en-plan.xml], [DeploymentPlan:/home4/yv965015/VERON/M2/S1/BDED/TP/JONAS/MyJonas/deploy/jonas-jca-scout-plan.xml], [DeploymentPlan:/home4/yv965015/VERON/M2/S1/BDED/TP/JONAS/MyJonas/deploy/mejb-plan.xml], [EJB21:/home4/yv965015/VERON/M2/S1/BDED/TP/JONAS/MyJonas/deploy/helloWorld.jar], [EAR:/home4/yv965015/VERON/M2/S1/BDED/TP/JONAS/MyJonas/deploy/javaee5-earsample.ear], [EAR:/home4/yv965015/VERON/M2/S1/BDED/TP/JONAS/MyJonas/deploy/myEarSample.ear]]]
2017-12-15 08:05:17,709 : INFO : Thread-12 : DatasourceDeployer.deployDatasource :    Deploying datasource DatasourceDeployable[archive=/home4/yv965015/VERON/M2/S1/BDED/TP/JONAS/MyJonas/deploy/jdbc-ds.xml]
2017-12-15 08:05:17,772 : INFO : Thread-12 : DatasourceDeployer.deployDatasource :    Generate RAR /home4/yv965015/VERON/M2/S1/BDED/TP/JONAS/jonas-full-5.3.0/repositories/maven2-internal/org/ow2/jonas/jonas-jca-jdbc-dm/5.3.0/jonas-jca-jdbc-dm-5.3.0.rar -> /home4/yv965015/VERON/M2/S1/BDED/TP/JONAS/MyJonas/work/deployer/datasources/jonas/ds-jdbc_1-4051603670646491363.rar
2017-12-15 08:05:17,846 : INFO : Thread-12 : RARDeployer.doDeploy :    Deploying ds-jdbc_1-4051603670646491363.rar
2017-12-15 08:05:17,996 : INFO : Thread-12 : Rar.processRar :    ds-jdbc_1-4051603670646491363.rar available
2017-12-15 08:05:18,102 : INFO : Thread-12 : DatasourceDeployer.deployDatasource :    Generate RAR /home4/yv965015/VERON/M2/S1/BDED/TP/JONAS/jonas-full-5.3.0/repositories/maven2-internal/org/ow2/jonas/jonas-jca-jdbc-dm/5.3.0/jonas-jca-jdbc-dm-5.3.0.rar -> /home4/yv965015/VERON/M2/S1/BDED/TP/JONAS/MyJonas/work/deployer/datasources/jonas/ds-jdbc_xa1-4459141797599385502.rar
2017-12-15 08:05:18,145 : INFO : Thread-12 : RARDeployer.doDeploy :    Deploying ds-jdbc_xa1-4459141797599385502.rar
2017-12-15 08:05:18,179 : INFO : Thread-12 : Rar.processRar :    ds-jdbc_xa1-4459141797599385502.rar available
2017-12-15 08:05:18,184 : INFO : Thread-12 : DatasourceDeployer.deployDatasource :    Generate RAR /home4/yv965015/VERON/M2/S1/BDED/TP/JONAS/jonas-full-5.3.0/repositories/maven2-internal/org/ow2/jonas/jonas-jca-jdbc-dm/5.3.0/jonas-jca-jdbc-dm-5.3.0.rar -> /home4/yv965015/VERON/M2/S1/BDED/TP/JONAS/MyJonas/work/deployer/datasources/jonas/ds-jdbc_xa2-3975696425675426077.rar
2017-12-15 08:05:18,211 : INFO : Thread-12 : RARDeployer.doDeploy :    Deploying ds-jdbc_xa2-3975696425675426077.rar
2017-12-15 08:05:18,236 : INFO : Thread-12 : Rar.processRar :    ds-jdbc_xa2-3975696425675426077.rar available
2017-12-15 08:05:18,389 : INFO : Thread-12 : ConfigAdminDeployer.__M_deploy :    Deployed 4 Configuration(s) [4 bound, 0 unbound, 0 failed] for 'joramAdminConfig.xml'
2017-12-15 08:05:18,537 : INFO : Thread-12 : ConfigAdminDeployer.__M_deploy :    Deployed 7 Configuration(s) [7 bound, 0 unbound, 0 failed] for 'joramAdminUserConfig.xml'
2017-12-15 08:05:18,549 : INFO : Thread-12 : ConfigAdminDeployer.__M_deploy :    Deployed 1 Configuration(s) [1 bound, 0 unbound, 0 failed] for 'tomcat7-http-connector.xml'
2017-12-15 08:05:18,615 : INFO : CM Configuration Updater (Update: pid=Tomcat7HttpConnector.0435dd81-34d6-4645-8ffb-77dd05245cac) : AbstractProtocol.init :    Initializing ProtocolHandler ["http-bio-8979"]
2017-12-15 08:05:18,622 : INFO : CM Configuration Updater (Update: pid=Tomcat7HttpConnector.0435dd81-34d6-4645-8ffb-77dd05245cac) : AbstractProtocol.start :    Starting ProtocolHandler ["http-bio-8979"]
2017-12-15 08:05:18,634 : INFO : CM Configuration Updater (Update: pid=Tomcat7HttpConnector.0435dd81-34d6-4645-8ffb-77dd05245cac) : BaseWebContainerService.setDefaultHttpPort :    OnDemand Feature enabled: Listening on '9000' port (internal:8979).
2017-12-15 08:05:18,635 : INFO : CM Configuration Updater (Update: pid=Tomcat7HttpConnector.0435dd81-34d6-4645-8ffb-77dd05245cac) : Tomcat7HttpConnector.__M_start :    Tomcat HTTP connector /9000 created - enableLookups=false
2017-12-15 08:05:18,827 : WARNING : Thread-12 : OSGiDeployer.installBundle :    Cannot deploy a bundle that is already installed OSGiDeployableImpl[archive=/home4/yv965015/VERON/M2/S1/BDED/TP/JONAS/jonas-full-5.3.0/repositories/maven2-internal/org/ow2/jonas/jonas-services-api/5.3.0/jonas-services-api-5.3.0.jar]. 
2017-12-15 08:05:18,848 : WARNING : Thread-12 : OSGiDeployer.installBundle :    Cannot deploy a bundle that is already installed OSGiDeployableImpl[archive=/home4/yv965015/VERON/M2/S1/BDED/TP/JONAS/jonas-full-5.3.0/repositories/maven2-internal/org/ow2/util/log/log-bridge-jul/2.0.0/log-bridge-jul-2.0.0.jar]. 
2017-12-15 08:05:19,054 : INFO : Thread-12 : RARDeployer.doDeploy :    Deploying joram-jca-jonas-5.8.0.rar
2017-12-15 08:05:20,195 : INFO : Thread-12 : Rar.processRar :    joram-jca-jonas-5.8.0.rar available
2017-12-15 08:05:20,328 : INFO : Thread-12 : WARDeployer.doDeploy :    Deploying jonas-admin-core-5.3.0.war
2017-12-15 08:05:20,334 : INFO : Thread-12 : HttpOnDemandProxy.addWar :    The war file '/home4/yv965015/VERON/M2/S1/BDED/TP/JONAS/jonas-full-5.3.0/repositories/maven2-internal/org/ow2/jonas/jonas-admin-core/5.3.0/jonas-admin-core-5.3.0.war' is available on demand at the context /jonasAdmin
2017-12-15 08:05:20,354 : INFO : Thread-12 : WARDeployer.doDeploy :    Deploying jonas-ctxroot-core-5.3.0.war
2017-12-15 08:05:20,356 : INFO : Thread-12 : HttpOnDemandProxy.addWar :    The war file '/home4/yv965015/VERON/M2/S1/BDED/TP/JONAS/jonas-full-5.3.0/repositories/maven2-internal/org/ow2/jonas/jonas-ctxroot-core/5.3.0/jonas-ctxroot-core-5.3.0.war' is available on demand at the context /
2017-12-15 08:05:20,380 : INFO : Thread-12 : WARDeployer.doDeploy :    Deploying jonas-doc-en-5.3.0-M7.war
2017-12-15 08:05:20,383 : INFO : Thread-12 : HttpOnDemandProxy.addWar :    The war file '/home4/yv965015/VERON/M2/S1/BDED/TP/JONAS/jonas-full-5.3.0/repositories/maven2-internal/org/ow2/jonas/documentation/jonas-doc-en/5.3.0-M7/jonas-doc-en-5.3.0-M7.war' is available on demand at the context /jonas-doc-en
2017-12-15 08:05:20,419 : INFO : Thread-12 : RARDeployer.doDeploy :    Deploying jonas-jca-scout-rar-5.3.0.rar
2017-12-15 08:05:20,666 : INFO : Thread-12 : JAXRResourceAdapter.start :    Starting Scout ResourceAdapter
2017-12-15 08:05:20,676 : INFO : Thread-12 : Rar.processRar :    jonas-jca-scout-rar-5.3.0.rar available
2017-12-15 08:05:20,841 : INFO : Thread-12 : EasyBeansDeployer.doDeploy :    Deploying 'mejb-core-5.3.0.jar'...
2017-12-15 08:05:21,104 : INFO : Thread-12 : Enhancer.enhance :    Beans found are [MEJB]
2017-12-15 08:05:21,305 : INFO : Thread-12 : JDK14LoggerAdapter.info :    created ORBSingleton
2017-12-15 08:05:21,383 : INFO : Thread-12 : JContainer3.start :    Container '/home4/yv965015/VERON/M2/S1/BDED/TP/JONAS/MyJonas/work/ejb3s/jonas/mejb-core-5.3.0_2013.10.01-13.23.00.jar' [1 SLSB, 0 SFSB, 0 Sing, 0 MDB, 0 MB] started in 515 ms
2017-12-15 08:05:21,385 : INFO : Thread-12 : EasyBeansDeployer.doDeploy :    'mejb-core-5.3.0.jar' EJB3 Deployable is now deployed
2017-12-15 08:05:21,534 : INFO : Thread-12 : EarDeployer.doDeploy :    Deploying 'EAR 'javaee5-earsample.ear', application.xml  provided, Content: , 1 EJB-JAR(s) {ejb3.jar}, 3 CAR(s) {jms-application-client.jar, not-secured-application-client.jar, jaas-secured-application-client.jar}'
2017-12-15 08:05:21,591 : INFO : CM Configuration Updater (ManagedServiceFactory Update: factoryPid=org.ow2.jonas.mail.internal.JOnASMailService) : JOnASMailService.__M_createMailFactory :    Mapping Mail Factory javax.mail.Session on mailSession_1
2017-12-15 08:05:21,600 : INFO : CM Configuration Updater (ManagedServiceFactory Update: factoryPid=org.ow2.jonas.mail.internal.JOnASMailService) : JOnASMailService.__M_createMailFactory :    Mapping Mail Factory javax.mail.internet.MimePartDataSource on mailMimePartDS_1
2017-12-15 08:05:21,603 : INFO : CM Configuration Updater (ManagedServiceFactory Update: factoryPid=org.ow2.jonas.mail.internal.JOnASMailService) : JOnASMailService.__M_doStart :    Mail Service started
2017-12-15 08:05:21,683 : INFO : Thread-12 : Enhancer.enhance :    Beans found are [JMSMessageBean, MailerBean, InitializerBean, WriterBean, ReaderBean]
2017-12-15 08:05:22,036 : INFO : Thread-12 : Logger.logf :    HCANN000001: Hibernate Commons Annotations {4.0.1.Final}
2017-12-15 08:05:22,043 : INFO : Thread-12 : Logger.logf :    HHH000412: Hibernate Core {4.1.12.Final}
2017-12-15 08:05:22,333 : INFO : Thread-12 : Logger.logf :    HHH000130: Instantiating explicit connection provider: org.hibernate.ejb.connection.InjectedDataSourceConnectionProvider
2017-12-15 08:05:22,395 : INFO : Thread-12 : Logger.logf :    HHH000423: Disabling contextual LOB creation as JDBC driver reported JDBC version [3] less than 4
2017-12-15 08:05:22,404 : INFO : Thread-12 : Logger.logf :    HHH000268: Transaction strategy: org.hibernate.engine.transaction.internal.jta.CMTTransactionFactory
2017-12-15 08:05:22,408 : INFO : Thread-12 : Logger.logf :    HHH000397: Using ASTQueryTranslatorFactory
2017-12-15 08:05:23,182 : INFO : Thread-12 : JContainer3.start :    Container '/home4/yv965015/VERON/M2/S1/BDED/TP/JONAS/MyJonas/work/apps/jonas/javaee5-earsample_2017.12.14-11.08.20.ear/ejb3.jar' [4 SLSB, 0 SFSB, 0 Sing, 1 MDB, 0 MB] started in 1 500 ms
2017-12-15 08:05:23,190 : INFO : Thread-12 : EarDeployer.doDeploy :    'javaee5-earsample.ear' EAR Deployable has been deployed (1 797 ms)
2017-12-15 08:05:23,262 : INFO : Thread-12 : EarDeployer.doDeploy :    Deploying 'EAR 'myEarSample.ear', application.xml  provided, Content: , 1 EJB-JAR(s) {ejb3.jar}, 1 WAR(s) {MyEarSample.war}, 3 CAR(s) {jms-application-client.jar, not-secured-application-client.jar, jaas-secured-application-client.jar}'
2017-12-15 08:05:23,352 : INFO : Thread-12 : Enhancer.enhance :    Beans found are [JMSMessageBean, MailerBean, InitializerBean, WriterBean, ReaderBean]
2017-12-15 08:05:23,409 : WARNING : Thread-12 : JPersistenceUnitInfoHelper.getPersistenceUnitInfoList :    Datasource named jdbc_14 was not found, use instead the default jndi name jdbc_1
2017-12-15 08:05:23,420 : INFO : Thread-12 : Logger.logf :    HHH000130: Instantiating explicit connection provider: org.hibernate.ejb.connection.InjectedDataSourceConnectionProvider
2017-12-15 08:05:23,431 : INFO : Thread-12 : Logger.logf :    HHH000423: Disabling contextual LOB creation as JDBC driver reported JDBC version [3] less than 4
2017-12-15 08:05:23,432 : INFO : Thread-12 : Logger.logf :    HHH000268: Transaction strategy: org.hibernate.engine.transaction.internal.jta.CMTTransactionFactory
2017-12-15 08:05:23,433 : INFO : Thread-12 : Logger.logf :    HHH000397: Using ASTQueryTranslatorFactory
2017-12-15 08:05:23,574 : INFO : Thread-12 : JContainer3.start :    Container '/home4/yv965015/VERON/M2/S1/BDED/TP/JONAS/MyJonas/work/apps/jonas/myEarSample_2017.12.14-11.54.20.ear/ejb3.jar' [4 SLSB, 0 SFSB, 0 Sing, 1 MDB, 0 MB] started in 225 ms
2017-12-15 08:05:24,381 : INFO : Thread-12 : BaseWebContainerService.registerWar :    War MyEarSample.war available at the context /MyEarSample.
2017-12-15 08:05:24,384 : INFO : Thread-12 : EarDeployer.doDeploy :    'myEarSample.ear' EAR Deployable has been deployed (1 193 ms)
2017-12-15 08:05:24,591 : INFO : Thread-12 : J2EEServer.__M_info :    JOnAS AS v5.3.0 named 'jonas' RUNNING
2017-12-15 08:06:46,514 : INFO : org.ow2.jonas.web.base.proxy.HttpSocketHandler-2 : TaglibUriRule.body :    TLD skipped. URI: http://struts.apache.org/tags-html is already defined
2017-12-15 08:06:46,521 : INFO : org.ow2.jonas.web.base.proxy.HttpSocketHandler-2 : TaglibUriRule.body :    TLD skipped. URI: http://struts.apache.org/tags-bean is already defined
2017-12-15 08:06:46,524 : INFO : org.ow2.jonas.web.base.proxy.HttpSocketHandler-2 : TaglibUriRule.body :    TLD skipped. URI: http://struts.apache.org/tags-logic is already defined
2017-12-15 08:06:46,527 : INFO : org.ow2.jonas.web.base.proxy.HttpSocketHandler-2 : TaglibUriRule.body :    TLD skipped. URI: http://jakarta.apache.org/struts/tags-template-1.0.2 is already defined
2017-12-15 08:06:46,570 : INFO : org.ow2.jonas.web.base.proxy.HttpSocketHandler-2 : TaglibUriRule.body :    TLD skipped. URI: http://struts.apache.org/tags-bean is already defined
2017-12-15 08:06:46,576 : INFO : org.ow2.jonas.web.base.proxy.HttpSocketHandler-2 : TaglibUriRule.body :    TLD skipped. URI: http://struts.apache.org/tags-html is already defined
2017-12-15 08:06:46,583 : INFO : org.ow2.jonas.web.base.proxy.HttpSocketHandler-2 : TaglibUriRule.body :    TLD skipped. URI: http://struts.apache.org/tags-logic is already defined
2017-12-15 08:06:47,514 : INFO : org.ow2.jonas.web.base.proxy.HttpSocketHandler-2 : BaseWebContainerService.registerWar :    War jonas-admin-core-5.3.0.war available at the context /jonasAdmin.
2017-12-15 08:18:32,534 : INFO : org.ow2.jonas.web.base.proxy.HttpSocketHandler-161 : BaseWebContainerService.registerWar :    War jonas-ctxroot-core-5.3.0.war available at the context /.
2017-12-15 08:39:28,771 : INFO : Thread-12 : RARDeployer.doDeploy :    Deploying jonas-jca-jdbc-dm-5.3.0.rar
2017-12-15 08:39:28,834 : INFO : Thread-12 : Rar.processRar :    jonas-jca-jdbc-dm-5.3.0.rar available
2017-12-15 08:42:35,788 : INFO : Thread-12 : DeployableMonitor.checkModifiedDeployables :    Deployable 'RARDeployableImpl[archive=/home4/yv965015/VERON/M2/S1/BDED/TP/JONAS/MyJonas/deploy/jonas-jca-jdbc-dm-5.3.0.rar]' has been removed on the filesystem, undeploy it
2017-12-15 08:42:35,790 : INFO : Thread-12 : RARDeployer.doUndeploy :    Undeploying jonas-jca-jdbc-dm-5.3.0.rar
2017-12-15 08:45:59,076 : INFO : Thread-12 : RARDeployer.doDeploy :    Deploying Oracle_DM.rar
2017-12-15 08:47:01,641 : INFO : Thread-12 : RARDeployer.doDeploy :    Deploying Oracle_DM%20(copie).rar
2017-12-15 08:47:06,881 : INFO : Thread-12 : DeployableMonitor.checkModifiedDeployables :    Deployable 'RARDeployableImpl[archive=/home4/yv965015/VERON/M2/S1/BDED/TP/JONAS/MyJonas/deploy/Oracle_DM (copie).rar]' has been removed on the filesystem, undeploy it
2017-12-15 08:47:06,883 : INFO : Thread-12 : RARDeployer.doUndeploy :    Undeploying Oracle_DM%20(copie).rar
2017-12-15 08:47:06,884 : SEVERE : Thread-12 : JOnASResourceService.__M_unDeployRar :    Cannot undeploy the rar '/home4/yv965015/VERON/M2/S1/BDED/TP/JONAS/MyJonas/deploy/Oracle_DM (copie).rar', it is not deployed.
2017-12-15 08:47:06,885 : SEVERE : Thread-12 : JOnASResourceService.__M_unDeployRar :    Error trying to undeployRarMBean /home4/yv965015/VERON/M2/S1/BDED/TP/JONAS/MyJonas/deploy/Oracle_DM (copie).rarCannot undeploy the rar '/home4/yv965015/VERON/M2/S1/BDED/TP/JONAS/MyJonas/deploy/Oracle_DM (copie).rar', it is not deployed.
2017-12-15 08:47:06,887 : SEVERE : Thread-12 : DeployableMonitor.checkModifiedDeployables :    Undeploy of the deployable RARDeployableImpl[archive=/home4/yv965015/VERON/M2/S1/BDED/TP/JONAS/MyJonas/deploy/Oracle_DM (copie).rar] has failed
org.ow2.util.ee.deploy.api.deployer.DeployerException: Cannot deploy the RAR deployable 'RARDeployableImpl[archive=/home4/yv965015/VERON/M2/S1/BDED/TP/JONAS/MyJonas/deploy/Oracle_DM (copie).rar]'.
	at org.ow2.jonas.resource.internal.RARDeployer.doUndeploy(RARDeployer.java:64)
	at org.ow2.util.ee.deploy.impl.deployer.AbsDeployer$2.execute(AbsDeployer.java:110)
	at org.ow2.util.ee.deploy.impl.deployer.AbsDeployer$2.execute(AbsDeployer.java:108)
	at org.ow2.util.execution.helper.RunnableHelper.execute(RunnableHelper.java:69)
	at org.ow2.util.ee.deploy.impl.deployer.AbsDeployer.undeploy(AbsDeployer.java:108)
	at org.ow2.util.ee.deploy.impl.deployer.AbsDeployerList.undeploy(AbsDeployerList.java:66)
	at org.ow2.util.ee.deploy.impl.deployer.AbsDeployer.doUndeploy(AbsDeployer.java:253)
	at org.ow2.util.ee.deploy.impl.deployer.AbsDeployer.undeploy(AbsDeployer.java:233)
	at org.ow2.util.ee.deploy.impl.deployer.DeployerManager.undeployOneTypeList(DeployerManager.java:269)
	at org.ow2.util.ee.deploy.impl.deployer.DeployerManager.doDeploymentOperation(DeployerManager.java:201)
	at org.ow2.util.ee.deploy.impl.deployer.DeployerManager.undeploy(DeployerManager.java:309)
	at org.ow2.jonas.deployablemonitor.DeployableMonitor.checkModifiedDeployables(DeployableMonitor.java:833)
	at org.ow2.jonas.deployablemonitor.DeployableMonitor.updateArchives(DeployableMonitor.java:393)
	at org.ow2.jonas.deployablemonitor.DeployableMonitor.run(DeployableMonitor.java:257)
Caused by: org.ow2.jonas.resource.ResourceServiceException : Error trying to undeployRarMBean /home4/yv965015/VERON/M2/S1/BDED/TP/JONAS/MyJonas/deploy/Oracle_DM (copie).rar: org.ow2.jonas.resource.ResourceServiceException : Cannot undeploy the rar '/home4/yv965015/VERON/M2/S1/BDED/TP/JONAS/MyJonas/deploy/Oracle_DM (copie).rar', it is not deployed.
	at org.ow2.jonas.resource.internal.JOnASResourceService.__M_unDeployRar(JOnASResourceService.java:890)
	at org.ow2.jonas.resource.internal.JOnASResourceService.unDeployRar(JOnASResourceService.java)
	at org.ow2.jonas.resource.internal.RARDeployer.doUndeploy(RARDeployer.java:62)
	... 13 more
Caused by: org.ow2.jonas.resource.ResourceServiceException : Cannot undeploy the rar '/home4/yv965015/VERON/M2/S1/BDED/TP/JONAS/MyJonas/deploy/Oracle_DM (copie).rar', it is not deployed.
	at org.ow2.jonas.resource.internal.JOnASResourceService.__M_unDeployRar(JOnASResourceService.java:885)
	... 15 more
2017-12-15 08:47:07,751 : SEVERE : Thread-12 : DeployableMonitor.detectNewArchives :    The archive '/home4/yv965015/VERON/M2/S1/BDED/TP/JONAS/MyJonas/deploy/Oracle_DM (copie).jar' is flagged as unkwnown deployable. Do not deploy it
2017-12-15 08:48:48,273 : INFO : FelixStartLevel : DeployableMonitorService.__M_doStop :    DeployableMonitor stopped successfully
2017-12-15 08:48:48,282 : INFO : FelixStartLevel : EarDeployer.doUndeploy :    Undeploying javaee5-earsample.ear
2017-12-15 08:48:48,322 : INFO : FelixStartLevel : Embedded.removeContainer :    Container '/home4/yv965015/VERON/M2/S1/BDED/TP/JONAS/MyJonas/work/apps/jonas/javaee5-earsample_2017.12.14-11.08.20.ear/ejb3.jar' removed
2017-12-15 08:48:48,323 : INFO : FelixStartLevel : EarDeployer.doUndeploy :    'javaee5-earsample.ear' EAR Deployable is now undeployed
2017-12-15 08:48:48,323 : INFO : FelixStartLevel : EarDeployer.doUndeploy :    Undeploying myEarSample.ear
2017-12-15 08:48:48,354 : SEVERE : FelixStartLevel : WebappClassLoader.clearReferencesThreads :    The web application [/MyEarSample] appears to have started a thread named [WorkThread-1/6] but has failed to stop it. This is very likely to create a memory leak.
2017-12-15 08:48:48,355 : SEVERE : FelixStartLevel : WebappClassLoader.clearReferencesThreads :    The web application [/MyEarSample] appears to have started a thread named [WorkThread-1/8] but has failed to stop it. This is very likely to create a memory leak.
2017-12-15 08:48:48,356 : SEVERE : FelixStartLevel : WebappClassLoader.clearReferencesThreads :    The web application [/MyEarSample] appears to have started a thread named [WorkThread-1/10] but has failed to stop it. This is very likely to create a memory leak.
2017-12-15 08:48:48,371 : INFO : FelixStartLevel : BaseWebContainerService.unRegisterWar :    War MyEarSample.war no longer available
2017-12-15 08:48:48,404 : WARNING : FelixStartLevel : JContainer3.stop :    Cannot unbind the reference 'org.ow2.easybeans.proxy.reference.RemoteCallRef@16a72a3' on the binding factory 'org.ow2.easybeans.proxy.binding.JNDIBindingFactory@18c5724' for the container '/home4/yv965015/VERON/M2/S1/BDED/TP/JONAS/MyJonas/work/apps/jonas/myEarSample_2017.12.14-11.54.20.ear/ejb3.jar'.
org.ow2.easybeans.api.binding.BindingException: Cannot unbind the object with JNDI name 'myMailerBean'.
	at org.ow2.easybeans.proxy.binding.JNDIBindingFactory.unbind(JNDIBindingFactory.java:147)
	at org.ow2.easybeans.proxy.binding.JNDIBindingFactory.unbind(JNDIBindingFactory.java:93)
	at org.ow2.easybeans.container.JContainer3.stop(JContainer3.java:1437)
	at org.ow2.jonas.ear.internal.EarDeployer.undeployEJB3FromEAR(EarDeployer.java:1149)
	at org.ow2.jonas.ear.internal.EarDeployer.doUndeploy(EarDeployer.java:1060)
	at org.ow2.util.ee.deploy.impl.deployer.AbsDeployer$2.execute(AbsDeployer.java:110)
	at org.ow2.util.ee.deploy.impl.deployer.AbsDeployer$2.execute(AbsDeployer.java:108)
	at org.ow2.util.execution.helper.RunnableHelper.execute(RunnableHelper.java:69)
	at org.ow2.util.ee.deploy.impl.deployer.AbsDeployer.undeploy(AbsDeployer.java:108)
	at org.ow2.util.ee.deploy.impl.deployer.AbsDeployer.stop(AbsDeployer.java:132)
	at org.ow2.jonas.ear.internal.JOnASEARService.__M_doStop(JOnASEARService.java:172)
	at org.ow2.jonas.ear.internal.JOnASEARService.doStop(JOnASEARService.java)
	at org.ow2.jonas.lib.service.AbsServiceImpl.stop(AbsServiceImpl.java:105)
	at sun.reflect.NativeMethodAccessorImpl.invoke0(Native Method)
	at sun.reflect.NativeMethodAccessorImpl.invoke(NativeMethodAccessorImpl.java:57)
	at sun.reflect.DelegatingMethodAccessorImpl.invoke(DelegatingMethodAccessorImpl.java:43)
	at java.lang.reflect.Method.invoke(Method.java:601)
	at org.apache.felix.ipojo.util.Callback.call(Callback.java:237)
	at org.apache.felix.ipojo.util.Callback.call(Callback.java:193)
	at org.apache.felix.ipojo.handlers.lifecycle.callback.LifecycleCallback.call(LifecycleCallback.java:86)
	at org.apache.felix.ipojo.handlers.lifecycle.callback.LifecycleCallbackHandler.__M_stateChanged(LifecycleCallbackHandler.java:162)
	at org.apache.felix.ipojo.handlers.lifecycle.callback.LifecycleCallbackHandler.stateChanged(LifecycleCallbackHandler.java)
	at org.apache.felix.ipojo.InstanceManager.setState(InstanceManager.java:548)
	at org.apache.felix.ipojo.InstanceManager.stop(InstanceManager.java:437)
	at org.apache.felix.ipojo.InstanceManager.dispose(InstanceManager.java:481)
	at org.apache.felix.ipojo.IPojoFactory.stop(IPojoFactory.java:554)
	at org.apache.felix.ipojo.Extender.closeManagementFor(Extender.java:181)
	at org.apache.felix.ipojo.Extender.bundleChanged(Extender.java:153)
	at org.apache.felix.framework.util.EventDispatcher.invokeBundleListenerCallback(EventDispatcher.java:868)
	at org.apache.felix.framework.util.EventDispatcher.fireEventImmediately(EventDispatcher.java:789)
	at org.apache.felix.framework.util.EventDispatcher.fireBundleEvent(EventDispatcher.java:514)
	at org.apache.felix.framework.Felix.fireBundleEvent(Felix.java:4244)
	at org.apache.felix.framework.Felix.stopBundle(Felix.java:2351)
	at org.apache.felix.framework.Felix.setActiveStartLevel(Felix.java:1214)
	at org.apache.felix.framework.FrameworkStartLevelImpl.run(FrameworkStartLevelImpl.java:295)
	at java.lang.Thread.run(Thread.java:722)
Caused by: javax.naming.NamingException: Cannot perform lookupLink [Root exception is javax.naming.NameNotFoundException: myMailerBean [Root exception is java.rmi.NotBoundException: myMailerBean]]
	at org.ow2.carol.jndi.intercept.spi.InterceptableContext.namingException(InterceptableContext.java:823)
	at org.ow2.carol.jndi.intercept.spi.InterceptableContext.lookupLink(InterceptableContext.java:582)
	at org.ow2.carol.jndi.spi.VirtualJNDILookup.lookupLink(VirtualJNDILookup.java:162)
	at javax.naming.InitialContext.lookupLink(InitialContext.java:491)
	at org.ow2.easybeans.proxy.binding.JNDIBindingFactory.unbind(JNDIBindingFactory.java:139)
	... 35 more
Caused by: javax.naming.NameNotFoundException: myMailerBean [Root exception is java.rmi.NotBoundException: myMailerBean]
	at org.ow2.carol.jndi.registry.AbsRegistryWrapperContext.lookup(AbsRegistryWrapperContext.java:99)
	at org.ow2.carol.jndi.registry.AbsRegistryWrapperContext.lookupLink(AbsRegistryWrapperContext.java:368)
	at org.ow2.carol.jndi.spi.AbsContext.lookupLink(AbsContext.java:382)
	at org.ow2.carol.jndi.spi.AbsContext.lookupLink(AbsContext.java:394)
	at javax.naming.InitialContext.lookupLink(InitialContext.java:491)
	at org.ow2.carol.jndi.spi.MultiContext.lookupLink(MultiContext.java:354)
	at org.ow2.carol.jndi.intercept.operation.StringLookupLinkInterceptionContext.executeLast(StringLookupLinkInterceptionContext.java:48)
	at org.ow2.carol.jndi.intercept.operation.AbstractInterceptionContext.proceed(AbstractInterceptionContext.java:57)
	at org.ow2.jonas.jndi.interceptors.impl.datasource.DataSourceLeakDetectorContextInterceptor.intercept(DataSourceLeakDetectorContextInterceptor.java:62)
	at org.ow2.carol.jndi.intercept.operation.AbstractInterceptionContext.proceed(AbstractInterceptionContext.java:55)
	at org.ow2.carol.jndi.intercept.spi.InterceptableContext.lookupLink(InterceptableContext.java:580)
	... 38 more
Caused by: java.rmi.NotBoundException: myMailerBean
	at org.ow2.carol.jndi.registry.jrmp.ManageableRegistry.lookup(ManageableRegistry.java:126)
	at org.ow2.carol.jndi.registry.AbsRegistryWrapperContext.lookup(AbsRegistryWrapperContext.java:97)
	... 48 more
2017-12-15 08:48:48,406 : WARNING : FelixStartLevel : JContainer3.stop :    Cannot unbind the reference 'org.ow2.easybeans.proxy.reference.RemoteCallRef@108acca' on the binding factory 'org.ow2.easybeans.proxy.binding.JNDIBindingFactory@18c5724' for the container '/home4/yv965015/VERON/M2/S1/BDED/TP/JONAS/MyJonas/work/apps/jonas/myEarSample_2017.12.14-11.54.20.ear/ejb3.jar'.
org.ow2.easybeans.api.binding.BindingException: Cannot unbind the object with JNDI name 'myInitializerBean'.
	at org.ow2.easybeans.proxy.binding.JNDIBindingFactory.unbind(JNDIBindingFactory.java:147)
	at org.ow2.easybeans.proxy.binding.JNDIBindingFactory.unbind(JNDIBindingFactory.java:93)
	at org.ow2.easybeans.container.JContainer3.stop(JContainer3.java:1437)
	at org.ow2.jonas.ear.internal.EarDeployer.undeployEJB3FromEAR(EarDeployer.java:1149)
	at org.ow2.jonas.ear.internal.EarDeployer.doUndeploy(EarDeployer.java:1060)
	at org.ow2.util.ee.deploy.impl.deployer.AbsDeployer$2.execute(AbsDeployer.java:110)
	at org.ow2.util.ee.deploy.impl.deployer.AbsDeployer$2.execute(AbsDeployer.java:108)
	at org.ow2.util.execution.helper.RunnableHelper.execute(RunnableHelper.java:69)
	at org.ow2.util.ee.deploy.impl.deployer.AbsDeployer.undeploy(AbsDeployer.java:108)
	at org.ow2.util.ee.deploy.impl.deployer.AbsDeployer.stop(AbsDeployer.java:132)
	at org.ow2.jonas.ear.internal.JOnASEARService.__M_doStop(JOnASEARService.java:172)
	at org.ow2.jonas.ear.internal.JOnASEARService.doStop(JOnASEARService.java)
	at org.ow2.jonas.lib.service.AbsServiceImpl.stop(AbsServiceImpl.java:105)
	at sun.reflect.NativeMethodAccessorImpl.invoke0(Native Method)
	at sun.reflect.NativeMethodAccessorImpl.invoke(NativeMethodAccessorImpl.java:57)
	at sun.reflect.DelegatingMethodAccessorImpl.invoke(DelegatingMethodAccessorImpl.java:43)
	at java.lang.reflect.Method.invoke(Method.java:601)
	at org.apache.felix.ipojo.util.Callback.call(Callback.java:237)
	at org.apache.felix.ipojo.util.Callback.call(Callback.java:193)
	at org.apache.felix.ipojo.handlers.lifecycle.callback.LifecycleCallback.call(LifecycleCallback.java:86)
	at org.apache.felix.ipojo.handlers.lifecycle.callback.LifecycleCallbackHandler.__M_stateChanged(LifecycleCallbackHandler.java:162)
	at org.apache.felix.ipojo.handlers.lifecycle.callback.LifecycleCallbackHandler.stateChanged(LifecycleCallbackHandler.java)
	at org.apache.felix.ipojo.InstanceManager.setState(InstanceManager.java:548)
	at org.apache.felix.ipojo.InstanceManager.stop(InstanceManager.java:437)
	at org.apache.felix.ipojo.InstanceManager.dispose(InstanceManager.java:481)
	at org.apache.felix.ipojo.IPojoFactory.stop(IPojoFactory.java:554)
	at org.apache.felix.ipojo.Extender.closeManagementFor(Extender.java:181)
	at org.apache.felix.ipojo.Extender.bundleChanged(Extender.java:153)
	at org.apache.felix.framework.util.EventDispatcher.invokeBundleListenerCallback(EventDispatcher.java:868)
	at org.apache.felix.framework.util.EventDispatcher.fireEventImmediately(EventDispatcher.java:789)
	at org.apache.felix.framework.util.EventDispatcher.fireBundleEvent(EventDispatcher.java:514)
	at org.apache.felix.framework.Felix.fireBundleEvent(Felix.java:4244)
	at org.apache.felix.framework.Felix.stopBundle(Felix.java:2351)
	at org.apache.felix.framework.Felix.setActiveStartLevel(Felix.java:1214)
	at org.apache.felix.framework.FrameworkStartLevelImpl.run(FrameworkStartLevelImpl.java:295)
	at java.lang.Thread.run(Thread.java:722)
Caused by: javax.naming.NamingException: Cannot perform lookupLink [Root exception is javax.naming.NameNotFoundException: myInitializerBean [Root exception is java.rmi.NotBoundException: myInitializerBean]]
	at org.ow2.carol.jndi.intercept.spi.InterceptableContext.namingException(InterceptableContext.java:823)
	at org.ow2.carol.jndi.intercept.spi.InterceptableContext.lookupLink(InterceptableContext.java:582)
	at org.ow2.carol.jndi.spi.VirtualJNDILookup.lookupLink(VirtualJNDILookup.java:162)
	at javax.naming.InitialContext.lookupLink(InitialContext.java:491)
	at org.ow2.easybeans.proxy.binding.JNDIBindingFactory.unbind(JNDIBindingFactory.java:139)
	... 35 more
Caused by: javax.naming.NameNotFoundException: myInitializerBean [Root exception is java.rmi.NotBoundException: myInitializerBean]
	at org.ow2.carol.jndi.registry.AbsRegistryWrapperContext.lookup(AbsRegistryWrapperContext.java:99)
	at org.ow2.carol.jndi.registry.AbsRegistryWrapperContext.lookupLink(AbsRegistryWrapperContext.java:368)
	at org.ow2.carol.jndi.spi.AbsContext.lookupLink(AbsContext.java:382)
	at org.ow2.carol.jndi.spi.AbsContext.lookupLink(AbsContext.java:394)
	at javax.naming.InitialContext.lookupLink(InitialContext.java:491)
	at org.ow2.carol.jndi.spi.MultiContext.lookupLink(MultiContext.java:354)
	at org.ow2.carol.jndi.intercept.operation.StringLookupLinkInterceptionContext.executeLast(StringLookupLinkInterceptionContext.java:48)
	at org.ow2.carol.jndi.intercept.operation.AbstractInterceptionContext.proceed(AbstractInterceptionContext.java:57)
	at org.ow2.jonas.jndi.interceptors.impl.datasource.DataSourceLeakDetectorContextInterceptor.intercept(DataSourceLeakDetectorContextInterceptor.java:62)
	at org.ow2.carol.jndi.intercept.operation.AbstractInterceptionContext.proceed(AbstractInterceptionContext.java:55)
	at org.ow2.carol.jndi.intercept.spi.InterceptableContext.lookupLink(InterceptableContext.java:580)
	... 38 more
Caused by: java.rmi.NotBoundException: myInitializerBean
	at org.ow2.carol.jndi.registry.jrmp.ManageableRegistry.lookup(ManageableRegistry.java:126)
	at org.ow2.carol.jndi.registry.AbsRegistryWrapperContext.lookup(AbsRegistryWrapperContext.java:97)
	... 48 more
2017-12-15 08:48:48,408 : INFO : FelixStartLevel : Embedded.removeContainer :    Container '/home4/yv965015/VERON/M2/S1/BDED/TP/JONAS/MyJonas/work/apps/jonas/myEarSample_2017.12.14-11.54.20.ear/ejb3.jar' removed
2017-12-15 08:48:48,408 : INFO : FelixStartLevel : EarDeployer.doUndeploy :    'myEarSample.ear' EAR Deployable is now undeployed
2017-12-15 08:48:48,409 : INFO : FelixStartLevel : JOnASEARService.__M_doStop :    EAR Service stopped
2017-12-15 08:48:48,414 : INFO : FelixStartLevel : JOnASMailService.__M_doStop :    mail service stopped
2017-12-15 08:48:49,065 : INFO : FelixStartLevel : WARDeployer.doUndeploy :    Undeploying jonas-doc-en-5.3.0-M7.war
2017-12-15 08:48:49,068 : INFO : FelixStartLevel : WARDeployer.doUndeploy :    Undeploying jonas-ctxroot-core-5.3.0.war
2017-12-15 08:48:49,082 : SEVERE : FelixStartLevel : Mapper.addWrapper :    No context found: 
2017-12-15 08:48:49,083 : INFO : FelixStartLevel : BaseWebContainerService.unRegisterWar :    War jonas-ctxroot-core-5.3.0.war no longer available
2017-12-15 08:48:49,083 : INFO : FelixStartLevel : WARDeployer.doUndeploy :    Undeploying jonas-admin-core-5.3.0.war
2017-12-15 08:48:49,164 : INFO : FelixStartLevel : BaseWebContainerService.unRegisterWar :    War jonas-admin-core-5.3.0.war no longer available
2017-12-15 08:48:49,189 : INFO : FelixStartLevel : AbstractProtocol.pause :    Pausing ProtocolHandler ["http-bio-8979"]
2017-12-15 08:48:49,240 : INFO : FelixStartLevel : StandardService.stopInternal :    Stopping service jonas
2017-12-15 08:48:49,242 : SEVERE : localhost-startStop-1 : StandardManager.doUnload :    IOException while saving persisted sessions: java.io.FileNotFoundException: /home4/yv965015/VERON/M2/S1/BDED/TP/JONAS/MyJonas/work/tomcat/jonas/localhost/_/SESSIONS.ser (Aucun fichier ou dossier de ce type)
java.io.FileNotFoundException: /home4/yv965015/VERON/M2/S1/BDED/TP/JONAS/MyJonas/work/tomcat/jonas/localhost/_/SESSIONS.ser (Aucun fichier ou dossier de ce type)
	at java.io.FileOutputStream.open(Native Method)
	at java.io.FileOutputStream.<init>(FileOutputStream.java:212)
	at java.io.FileOutputStream.<init>(FileOutputStream.java:104)
	at org.apache.catalina.session.StandardManager.doUnload(StandardManager.java:386)
	at org.apache.catalina.session.StandardManager.unload(StandardManager.java:353)
	at org.apache.catalina.session.StandardManager.stopInternal(StandardManager.java:518)
	at org.apache.catalina.util.LifecycleBase.stop(LifecycleBase.java:232)
	at org.apache.catalina.core.StandardContext.stopInternal(StandardContext.java:5569)
	at org.ow2.jonas.web.tomcat7.JOnASStandardContext.stopInternal(JOnASStandardContext.java:344)
	at org.apache.catalina.util.LifecycleBase.stop(LifecycleBase.java:232)
	at org.apache.catalina.core.ContainerBase$StopChild.call(ContainerBase.java:1575)
	at org.apache.catalina.core.ContainerBase$StopChild.call(ContainerBase.java:1564)
	at java.util.concurrent.FutureTask$Sync.innerRun(FutureTask.java:334)
	at java.util.concurrent.FutureTask.run(FutureTask.java:166)
	at java.util.concurrent.ThreadPoolExecutor.runWorker(ThreadPoolExecutor.java:1110)
	at java.util.concurrent.ThreadPoolExecutor$Worker.run(ThreadPoolExecutor.java:603)
	at java.lang.Thread.run(Thread.java:722)
2017-12-15 08:48:49,243 : SEVERE : localhost-startStop-1 : StandardManager.stopInternal :    Exception unloading sessions to persistent storage
java.io.FileNotFoundException: /home4/yv965015/VERON/M2/S1/BDED/TP/JONAS/MyJonas/work/tomcat/jonas/localhost/_/SESSIONS.ser (Aucun fichier ou dossier de ce type)
	at java.io.FileOutputStream.open(Native Method)
	at java.io.FileOutputStream.<init>(FileOutputStream.java:212)
	at java.io.FileOutputStream.<init>(FileOutputStream.java:104)
	at org.apache.catalina.session.StandardManager.doUnload(StandardManager.java:386)
	at org.apache.catalina.session.StandardManager.unload(StandardManager.java:353)
	at org.apache.catalina.session.StandardManager.stopInternal(StandardManager.java:518)
	at org.apache.catalina.util.LifecycleBase.stop(LifecycleBase.java:232)
	at org.apache.catalina.core.StandardContext.stopInternal(StandardContext.java:5569)
	at org.ow2.jonas.web.tomcat7.JOnASStandardContext.stopInternal(JOnASStandardContext.java:344)
	at org.apache.catalina.util.LifecycleBase.stop(LifecycleBase.java:232)
	at org.apache.catalina.core.ContainerBase$StopChild.call(ContainerBase.java:1575)
	at org.apache.catalina.core.ContainerBase$StopChild.call(ContainerBase.java:1564)
	at java.util.concurrent.FutureTask$Sync.innerRun(FutureTask.java:334)
	at java.util.concurrent.FutureTask.run(FutureTask.java:166)
	at java.util.concurrent.ThreadPoolExecutor.runWorker(ThreadPoolExecutor.java:1110)
	at java.util.concurrent.ThreadPoolExecutor$Worker.run(ThreadPoolExecutor.java:603)
	at java.lang.Thread.run(Thread.java:722)
2017-12-15 08:48:49,251 : INFO : FelixStartLevel : AbstractProtocol.stop :    Stopping ProtocolHandler ["http-bio-8979"]
2017-12-15 08:48:49,281 : INFO : FelixStartLevel : CXFService.__M_doStop :    CXF service stopped
2017-12-15 08:48:49,321 : INFO : FelixStartLevel : EasyBeansDeployer.doUndeploy :    Undeploying 'mejb-core-5.3.0.jar'...
2017-12-15 08:48:49,335 : INFO : FelixStartLevel : Embedded.removeContainer :    Container '/home4/yv965015/VERON/M2/S1/BDED/TP/JONAS/MyJonas/work/ejb3s/jonas/mejb-core-5.3.0_2013.10.01-13.23.00.jar' removed
2017-12-15 08:48:49,336 : INFO : FelixStartLevel : EasyBeansDeployer.doUndeploy :    'mejb-core-5.3.0.jar' EJB3 Deployable is now undeployed
2017-12-15 08:48:49,341 : INFO : FelixStartLevel : StatisticComponent.stop :    Stopped
2017-12-15 08:48:49,341 : INFO : FelixStartLevel : CarolComponent.stop :    Carol Component Stopped
2017-12-15 08:48:49,342 : INFO : FelixStartLevel : EventComponent.stop :    stopped.
2017-12-15 08:48:49,343 : INFO : FelixStartLevel : Embedded.stop :    EasyBeans '2.0.0' est désormais arrêté.
2017-12-15 08:48:49,346 : INFO : FelixStartLevel : JNDIInterceptorsComponent.__M_stop :    JNDI Interceptors component stopped
2017-12-15 08:48:49,356 : INFO : FelixStartLevel : RARDeployer.doUndeploy :    Undeploying Oracle_DM%20(copie).rar
2017-12-15 08:48:49,357 : SEVERE : FelixStartLevel : JOnASResourceService.__M_unDeployRar :    Cannot undeploy the rar '/home4/yv965015/VERON/M2/S1/BDED/TP/JONAS/MyJonas/deploy/Oracle_DM (copie).rar', it is not deployed.
2017-12-15 08:48:49,358 : SEVERE : FelixStartLevel : JOnASResourceService.__M_unDeployRar :    Error trying to undeployRarMBean /home4/yv965015/VERON/M2/S1/BDED/TP/JONAS/MyJonas/deploy/Oracle_DM (copie).rarCannot undeploy the rar '/home4/yv965015/VERON/M2/S1/BDED/TP/JONAS/MyJonas/deploy/Oracle_DM (copie).rar', it is not deployed.
2017-12-15 08:48:49,358 : SEVERE : FelixStartLevel : AbsDeployer.stop :    Cannot undeploy the deployable 'RARDeployableImpl[archive=/home4/yv965015/VERON/M2/S1/BDED/TP/JONAS/MyJonas/deploy/Oracle_DM (copie).rar]'
org.ow2.util.ee.deploy.api.deployer.DeployerException: Cannot deploy the RAR deployable 'RARDeployableImpl[archive=/home4/yv965015/VERON/M2/S1/BDED/TP/JONAS/MyJonas/deploy/Oracle_DM (copie).rar]'.
	at org.ow2.jonas.resource.internal.RARDeployer.doUndeploy(RARDeployer.java:64)
	at org.ow2.util.ee.deploy.impl.deployer.AbsDeployer$2.execute(AbsDeployer.java:110)
	at org.ow2.util.ee.deploy.impl.deployer.AbsDeployer$2.execute(AbsDeployer.java:108)
	at org.ow2.util.execution.helper.RunnableHelper.execute(RunnableHelper.java:69)
	at org.ow2.util.ee.deploy.impl.deployer.AbsDeployer.undeploy(AbsDeployer.java:108)
	at org.ow2.util.ee.deploy.impl.deployer.AbsDeployer.stop(AbsDeployer.java:132)
	at org.ow2.jonas.resource.internal.JOnASResourceService.__M_doStop(JOnASResourceService.java:321)
	at org.ow2.jonas.resource.internal.JOnASResourceService.doStop(JOnASResourceService.java)
	at org.ow2.jonas.lib.service.AbsServiceImpl.stop(AbsServiceImpl.java:105)
	at sun.reflect.NativeMethodAccessorImpl.invoke0(Native Method)
	at sun.reflect.NativeMethodAccessorImpl.invoke(NativeMethodAccessorImpl.java:57)
	at sun.reflect.DelegatingMethodAccessorImpl.invoke(DelegatingMethodAccessorImpl.java:43)
	at java.lang.reflect.Method.invoke(Method.java:601)
	at org.apache.felix.ipojo.util.Callback.call(Callback.java:237)
	at org.apache.felix.ipojo.util.Callback.call(Callback.java:193)
	at org.apache.felix.ipojo.handlers.lifecycle.callback.LifecycleCallback.call(LifecycleCallback.java:86)
	at org.apache.felix.ipojo.handlers.lifecycle.callback.LifecycleCallbackHandler.__M_stateChanged(LifecycleCallbackHandler.java:162)
	at org.apache.felix.ipojo.handlers.lifecycle.callback.LifecycleCallbackHandler.stateChanged(LifecycleCallbackHandler.java)
	at org.apache.felix.ipojo.InstanceManager.setState(InstanceManager.java:548)
	at org.apache.felix.ipojo.InstanceManager.stop(InstanceManager.java:437)
	at org.apache.felix.ipojo.InstanceManager.dispose(InstanceManager.java:481)
	at org.apache.felix.ipojo.IPojoFactory.stop(IPojoFactory.java:554)
	at org.apache.felix.ipojo.Extender.closeManagementFor(Extender.java:181)
	at org.apache.felix.ipojo.Extender.bundleChanged(Extender.java:153)
	at org.apache.felix.framework.util.EventDispatcher.invokeBundleListenerCallback(EventDispatcher.java:868)
	at org.apache.felix.framework.util.EventDispatcher.fireEventImmediately(EventDispatcher.java:789)
	at org.apache.felix.framework.util.EventDispatcher.fireBundleEvent(EventDispatcher.java:514)
	at org.apache.felix.framework.Felix.fireBundleEvent(Felix.java:4244)
	at org.apache.felix.framework.Felix.stopBundle(Felix.java:2351)
	at org.apache.felix.framework.Felix.setActiveStartLevel(Felix.java:1214)
	at org.apache.felix.framework.FrameworkStartLevelImpl.run(FrameworkStartLevelImpl.java:295)
	at java.lang.Thread.run(Thread.java:722)
Caused by: org.ow2.jonas.resource.ResourceServiceException : Error trying to undeployRarMBean /home4/yv965015/VERON/M2/S1/BDED/TP/JONAS/MyJonas/deploy/Oracle_DM (copie).rar: org.ow2.jonas.resource.ResourceServiceException : Cannot undeploy the rar '/home4/yv965015/VERON/M2/S1/BDED/TP/JONAS/MyJonas/deploy/Oracle_DM (copie).rar', it is not deployed.
	at org.ow2.jonas.resource.internal.JOnASResourceService.__M_unDeployRar(JOnASResourceService.java:890)
	at org.ow2.jonas.resource.internal.JOnASResourceService.unDeployRar(JOnASResourceService.java)
	at org.ow2.jonas.resource.internal.RARDeployer.doUndeploy(RARDeployer.java:62)
	... 31 more
Caused by: org.ow2.jonas.resource.ResourceServiceException : Cannot undeploy the rar '/home4/yv965015/VERON/M2/S1/BDED/TP/JONAS/MyJonas/deploy/Oracle_DM (copie).rar', it is not deployed.
	at org.ow2.jonas.resource.internal.JOnASResourceService.__M_unDeployRar(JOnASResourceService.java:885)
	... 33 more
2017-12-15 08:48:49,359 : INFO : FelixStartLevel : RARDeployer.doUndeploy :    Undeploying jonas-jca-jdbc-dm-5.3.0.rar
2017-12-15 08:48:49,360 : SEVERE : FelixStartLevel : JOnASResourceService.__M_unDeployRar :    Error when unRegistering rar /home4/yv965015/VERON/M2/S1/BDED/TP/JONAS/jonas-full-5.3.0/repositories/maven2-internal/org/ow2/jonas/jonas-jca-jdbc-dm/5.3.0/jonas-jca-jdbc-dm-5.3.0.rarCannot unregister: javax.naming.NamingException: Cannot perform unbind [Root exception is javax.naming.NamingException: Cannot unbind name 'JOnASJDBC_DM' : null [Root exception is javax.naming.NamingException [Root exception is java.rmi.NotBoundException: JOnASJDBC_DM]]]
2017-12-15 08:48:49,362 : SEVERE : FelixStartLevel : AbsDeployer.stop :    Cannot undeploy the deployable 'RARDeployableImpl[archive=/home4/yv965015/VERON/M2/S1/BDED/TP/JONAS/jonas-full-5.3.0/repositories/maven2-internal/org/ow2/jonas/jonas-jca-jdbc-dm/5.3.0/jonas-jca-jdbc-dm-5.3.0.rar]'
org.ow2.util.ee.deploy.api.deployer.DeployerException: Cannot deploy the RAR deployable 'RARDeployableImpl[archive=/home4/yv965015/VERON/M2/S1/BDED/TP/JONAS/jonas-full-5.3.0/repositories/maven2-internal/org/ow2/jonas/jonas-jca-jdbc-dm/5.3.0/jonas-jca-jdbc-dm-5.3.0.rar]'.
	at org.ow2.jonas.resource.internal.RARDeployer.doUndeploy(RARDeployer.java:64)
	at org.ow2.util.ee.deploy.impl.deployer.AbsDeployer$2.execute(AbsDeployer.java:110)
	at org.ow2.util.ee.deploy.impl.deployer.AbsDeployer$2.execute(AbsDeployer.java:108)
	at org.ow2.util.execution.helper.RunnableHelper.execute(RunnableHelper.java:69)
	at org.ow2.util.ee.deploy.impl.deployer.AbsDeployer.undeploy(AbsDeployer.java:108)
	at org.ow2.util.ee.deploy.impl.deployer.AbsDeployer.stop(AbsDeployer.java:132)
	at org.ow2.jonas.resource.internal.JOnASResourceService.__M_doStop(JOnASResourceService.java:321)
	at org.ow2.jonas.resource.internal.JOnASResourceService.doStop(JOnASResourceService.java)
	at org.ow2.jonas.lib.service.AbsServiceImpl.stop(AbsServiceImpl.java:105)
	at sun.reflect.NativeMethodAccessorImpl.invoke0(Native Method)
	at sun.reflect.NativeMethodAccessorImpl.invoke(NativeMethodAccessorImpl.java:57)
	at sun.reflect.DelegatingMethodAccessorImpl.invoke(DelegatingMethodAccessorImpl.java:43)
	at java.lang.reflect.Method.invoke(Method.java:601)
	at org.apache.felix.ipojo.util.Callback.call(Callback.java:237)
	at org.apache.felix.ipojo.util.Callback.call(Callback.java:193)
	at org.apache.felix.ipojo.handlers.lifecycle.callback.LifecycleCallback.call(LifecycleCallback.java:86)
	at org.apache.felix.ipojo.handlers.lifecycle.callback.LifecycleCallbackHandler.__M_stateChanged(LifecycleCallbackHandler.java:162)
	at org.apache.felix.ipojo.handlers.lifecycle.callback.LifecycleCallbackHandler.stateChanged(LifecycleCallbackHandler.java)
	at org.apache.felix.ipojo.InstanceManager.setState(InstanceManager.java:548)
	at org.apache.felix.ipojo.InstanceManager.stop(InstanceManager.java:437)
	at org.apache.felix.ipojo.InstanceManager.dispose(InstanceManager.java:481)
	at org.apache.felix.ipojo.IPojoFactory.stop(IPojoFactory.java:554)
	at org.apache.felix.ipojo.Extender.closeManagementFor(Extender.java:181)
	at org.apache.felix.ipojo.Extender.bundleChanged(Extender.java:153)
	at org.apache.felix.framework.util.EventDispatcher.invokeBundleListenerCallback(EventDispatcher.java:868)
	at org.apache.felix.framework.util.EventDispatcher.fireEventImmediately(EventDispatcher.java:789)
	at org.apache.felix.framework.util.EventDispatcher.fireBundleEvent(EventDispatcher.java:514)
	at org.apache.felix.framework.Felix.fireBundleEvent(Felix.java:4244)
	at org.apache.felix.framework.Felix.stopBundle(Felix.java:2351)
	at org.apache.felix.framework.Felix.setActiveStartLevel(Felix.java:1214)
	at org.apache.felix.framework.FrameworkStartLevelImpl.run(FrameworkStartLevelImpl.java:295)
	at java.lang.Thread.run(Thread.java:722)
Caused by: org.ow2.jonas.resource.ResourceServiceException : Error when unRegistering rar /home4/yv965015/VERON/M2/S1/BDED/TP/JONAS/jonas-full-5.3.0/repositories/maven2-internal/org/ow2/jonas/jonas-jca-jdbc-dm/5.3.0/jonas-jca-jdbc-dm-5.3.0.rar: org.ow2.jonas.service.ServiceException : Cannot unregister: javax.naming.NamingException: Cannot perform unbind [Root exception is javax.naming.NamingException: Cannot unbind name 'JOnASJDBC_DM' : null [Root exception is javax.naming.NamingException [Root exception is java.rmi.NotBoundException: JOnASJDBC_DM]]]
	at org.ow2.jonas.resource.internal.JOnASResourceService.__M_unDeployRar(JOnASResourceService.java:909)
	at org.ow2.jonas.resource.internal.JOnASResourceService.unDeployRar(JOnASResourceService.java)
	at org.ow2.jonas.resource.internal.RARDeployer.doUndeploy(RARDeployer.java:62)
	... 31 more
Caused by: org.ow2.jonas.service.ServiceException : Cannot unregister: javax.naming.NamingException: Cannot perform unbind [Root exception is javax.naming.NamingException: Cannot unbind name 'JOnASJDBC_DM' : null [Root exception is javax.naming.NamingException [Root exception is java.rmi.NotBoundException: JOnASJDBC_DM]]]
	at org.ow2.jonas.resource.internal.Rar.unRegister(Rar.java:882)
	at org.ow2.jonas.resource.internal.JOnASResourceService.__M_unRegisterRar(JOnASResourceService.java:668)
	at org.ow2.jonas.resource.internal.JOnASResourceService.unRegisterRar(JOnASResourceService.java)
	at org.ow2.jonas.resource.internal.JOnASResourceService.__M_unDeployRar(JOnASResourceService.java:900)
	... 33 more
Caused by: javax.naming.NamingException: Cannot perform unbind [Root exception is javax.naming.NamingException: Cannot unbind name 'JOnASJDBC_DM' : null [Root exception is javax.naming.NamingException [Root exception is java.rmi.NotBoundException: JOnASJDBC_DM]]]
	at org.ow2.carol.jndi.intercept.spi.InterceptableContext.namingException(InterceptableContext.java:823)
	at org.ow2.carol.jndi.intercept.spi.InterceptableContext.unbind(InterceptableContext.java:274)
	at org.ow2.carol.jndi.spi.VirtualJNDILookup.unbind(VirtualJNDILookup.java:415)
	at javax.naming.InitialContext.unbind(InitialContext.java:435)
	at org.ow2.jonas.resource.internal.Rar.unRegister(Rar.java:875)
	... 36 more
Caused by: javax.naming.NamingException: Cannot unbind name 'JOnASJDBC_DM' : null [Root exception is javax.naming.NamingException [Root exception is java.rmi.NotBoundException: JOnASJDBC_DM]]
	at org.ow2.carol.rmi.exception.NamingExceptionHelper.create(NamingExceptionHelper.java:50)
	at org.ow2.carol.jndi.spi.AbsContext.unbind(AbsContext.java:243)
	at org.ow2.carol.jndi.spi.AbsContext.unbind(AbsContext.java:253)
	at javax.naming.InitialContext.unbind(InitialContext.java:435)
	at org.ow2.carol.jndi.spi.MultiContext.unbind(MultiContext.java:196)
	at org.ow2.carol.jndi.intercept.operation.StringUnbindInterceptionContext.executeLast(StringUnbindInterceptionContext.java:48)
	at org.ow2.carol.jndi.intercept.operation.AbstractInterceptionContext.proceed(AbstractInterceptionContext.java:57)
	at org.ow2.carol.jndi.intercept.spi.InterceptableContext.unbind(InterceptableContext.java:272)
	... 39 more
Caused by: javax.naming.NamingException [Root exception is java.rmi.NotBoundException: JOnASJDBC_DM]
	at org.ow2.carol.jndi.registry.AbsRegistryWrapperContext.unbind(AbsRegistryWrapperContext.java:209)
	at org.ow2.carol.jndi.spi.AbsContext.unbind(AbsContext.java:237)
	... 45 more
Caused by: java.rmi.NotBoundException: JOnASJDBC_DM
	at org.ow2.carol.jndi.registry.jrmp.ManageableRegistry.unbind(ManageableRegistry.java:181)
	at org.ow2.carol.jndi.registry.AbsRegistryWrapperContext.unbind(AbsRegistryWrapperContext.java:207)
	... 46 more
2017-12-15 08:48:49,364 : INFO : FelixStartLevel : RARDeployer.doUndeploy :    Undeploying ds-jdbc_xa1-4459141797599385502.rar
2017-12-15 08:48:49,368 : INFO : FelixStartLevel : RARDeployer.doUndeploy :    Undeploying ds-jdbc_xa2-3975696425675426077.rar
2017-12-15 08:48:49,371 : INFO : FelixStartLevel : RARDeployer.doUndeploy :    Undeploying jonas-jca-scout-rar-5.3.0.rar
2017-12-15 08:48:49,373 : INFO : FelixStartLevel : JAXRResourceAdapter.stop :    Stopping Scout ResourceAdapter
2017-12-15 08:48:49,373 : INFO : FelixStartLevel : RARDeployer.doUndeploy :    Undeploying jonas-jca-jdbc-xa-5.3.0.rar
2017-12-15 08:48:49,375 : INFO : FelixStartLevel : RARDeployer.doUndeploy :    Undeploying Oracle_DM.rar
2017-12-15 08:48:49,375 : SEVERE : FelixStartLevel : JOnASResourceService.__M_unDeployRar :    Cannot undeploy the rar '/home4/yv965015/VERON/M2/S1/BDED/TP/JONAS/MyJonas/deploy/Oracle_DM.rar', it is not deployed.
2017-12-15 08:48:49,376 : SEVERE : FelixStartLevel : JOnASResourceService.__M_unDeployRar :    Error trying to undeployRarMBean /home4/yv965015/VERON/M2/S1/BDED/TP/JONAS/MyJonas/deploy/Oracle_DM.rarCannot undeploy the rar '/home4/yv965015/VERON/M2/S1/BDED/TP/JONAS/MyJonas/deploy/Oracle_DM.rar', it is not deployed.
2017-12-15 08:48:49,376 : SEVERE : FelixStartLevel : AbsDeployer.stop :    Cannot undeploy the deployable 'RARDeployableImpl[archive=/home4/yv965015/VERON/M2/S1/BDED/TP/JONAS/MyJonas/deploy/Oracle_DM.rar]'
org.ow2.util.ee.deploy.api.deployer.DeployerException: Cannot deploy the RAR deployable 'RARDeployableImpl[archive=/home4/yv965015/VERON/M2/S1/BDED/TP/JONAS/MyJonas/deploy/Oracle_DM.rar]'.
	at org.ow2.jonas.resource.internal.RARDeployer.doUndeploy(RARDeployer.java:64)
	at org.ow2.util.ee.deploy.impl.deployer.AbsDeployer$2.execute(AbsDeployer.java:110)
	at org.ow2.util.ee.deploy.impl.deployer.AbsDeployer$2.execute(AbsDeployer.java:108)
	at org.ow2.util.execution.helper.RunnableHelper.execute(RunnableHelper.java:69)
	at org.ow2.util.ee.deploy.impl.deployer.AbsDeployer.undeploy(AbsDeployer.java:108)
	at org.ow2.util.ee.deploy.impl.deployer.AbsDeployer.stop(AbsDeployer.java:132)
	at org.ow2.jonas.resource.internal.JOnASResourceService.__M_doStop(JOnASResourceService.java:321)
	at org.ow2.jonas.resource.internal.JOnASResourceService.doStop(JOnASResourceService.java)
	at org.ow2.jonas.lib.service.AbsServiceImpl.stop(AbsServiceImpl.java:105)
	at sun.reflect.NativeMethodAccessorImpl.invoke0(Native Method)
	at sun.reflect.NativeMethodAccessorImpl.invoke(NativeMethodAccessorImpl.java:57)
	at sun.reflect.DelegatingMethodAccessorImpl.invoke(DelegatingMethodAccessorImpl.java:43)
	at java.lang.reflect.Method.invoke(Method.java:601)
	at org.apache.felix.ipojo.util.Callback.call(Callback.java:237)
	at org.apache.felix.ipojo.util.Callback.call(Callback.java:193)
	at org.apache.felix.ipojo.handlers.lifecycle.callback.LifecycleCallback.call(LifecycleCallback.java:86)
	at org.apache.felix.ipojo.handlers.lifecycle.callback.LifecycleCallbackHandler.__M_stateChanged(LifecycleCallbackHandler.java:162)
	at org.apache.felix.ipojo.handlers.lifecycle.callback.LifecycleCallbackHandler.stateChanged(LifecycleCallbackHandler.java)
	at org.apache.felix.ipojo.InstanceManager.setState(InstanceManager.java:548)
	at org.apache.felix.ipojo.InstanceManager.stop(InstanceManager.java:437)
	at org.apache.felix.ipojo.InstanceManager.dispose(InstanceManager.java:481)
	at org.apache.felix.ipojo.IPojoFactory.stop(IPojoFactory.java:554)
	at org.apache.felix.ipojo.Extender.closeManagementFor(Extender.java:181)
	at org.apache.felix.ipojo.Extender.bundleChanged(Extender.java:153)
	at org.apache.felix.framework.util.EventDispatcher.invokeBundleListenerCallback(EventDispatcher.java:868)
	at org.apache.felix.framework.util.EventDispatcher.fireEventImmediately(EventDispatcher.java:789)
	at org.apache.felix.framework.util.EventDispatcher.fireBundleEvent(EventDispatcher.java:514)
	at org.apache.felix.framework.Felix.fireBundleEvent(Felix.java:4244)
	at org.apache.felix.framework.Felix.stopBundle(Felix.java:2351)
	at org.apache.felix.framework.Felix.setActiveStartLevel(Felix.java:1214)
	at org.apache.felix.framework.FrameworkStartLevelImpl.run(FrameworkStartLevelImpl.java:295)
	at java.lang.Thread.run(Thread.java:722)
Caused by: org.ow2.jonas.resource.ResourceServiceException : Error trying to undeployRarMBean /home4/yv965015/VERON/M2/S1/BDED/TP/JONAS/MyJonas/deploy/Oracle_DM.rar: org.ow2.jonas.resource.ResourceServiceException : Cannot undeploy the rar '/home4/yv965015/VERON/M2/S1/BDED/TP/JONAS/MyJonas/deploy/Oracle_DM.rar', it is not deployed.
	at org.ow2.jonas.resource.internal.JOnASResourceService.__M_unDeployRar(JOnASResourceService.java:890)
	at org.ow2.jonas.resource.internal.JOnASResourceService.unDeployRar(JOnASResourceService.java)
	at org.ow2.jonas.resource.internal.RARDeployer.doUndeploy(RARDeployer.java:62)
	... 31 more
Caused by: org.ow2.jonas.resource.ResourceServiceException : Cannot undeploy the rar '/home4/yv965015/VERON/M2/S1/BDED/TP/JONAS/MyJonas/deploy/Oracle_DM.rar', it is not deployed.
	at org.ow2.jonas.resource.internal.JOnASResourceService.__M_unDeployRar(JOnASResourceService.java:885)
	... 33 more
2017-12-15 08:48:49,377 : INFO : FelixStartLevel : RARDeployer.doUndeploy :    Undeploying ds-jdbc_1-4051603670646491363.rar
2017-12-15 08:48:49,415 : INFO : FelixStartLevel : RARDeployer.doUndeploy :    Undeploying jonas-jca-jdbc-ds-5.3.0.rar
2017-12-15 08:48:49,417 : INFO : FelixStartLevel : RARDeployer.doUndeploy :    Undeploying joram-jca-jonas-5.8.0.rar
2017-12-15 08:48:49,419 : INFO : FelixStartLevel : RARDeployer.doUndeploy :    Undeploying jonas-jca-jdbc-cp-5.3.0.rar
2017-12-15 08:48:49,421 : INFO : FelixStartLevel : JOnASResourceService.__M_doStop :    Resource Service stopped
2017-12-15 08:48:49,429 : INFO : FelixStartLevel : JOnASWorkManagerService.__M_doStop :    WorkManager Service stopped.
2017-12-15 08:48:49,437 : INFO : FelixStartLevel : H2DBServiceImpl.__M_doStop :    H2 Server '1.3.164' stopped.
2017-12-15 08:48:49,457 : INFO : FelixStartLevel : JOTMTransactionService.__M_doStop :    TransactionService stopped
2017-12-15 08:48:49,461 : INFO : FelixStartLevel : J2EEServer.__M_info :    JOnAS AS v5.3.0 named 'jonas' STANDBY
2017-12-15 08:48:49,464 : INFO : FelixStartLevel : JOnASWorkCleanerService.__M_doStop :    WorkCleaner Service stopped.
2017-12-15 08:48:49,672 : INFO : FelixStartLevel : JonasSecurityServiceImpl.__M_doStop :    Security Service stopped
2017-12-15 08:48:49,675 : INFO : FelixStartLevel : EndpointCollector.__M_doStop :    Endpoint Collector stopped.
2017-12-15 08:48:49,678 : SEVERE : FelixStartLevel : BaseJMXService.unregisterMBean :    jonas:j2eeType=JCAManagedConnectionFactory,name=JOnASJDBC_DM,J2EEServer=jonas:javax.management.InstanceNotFoundException: jonas:j2eeType=JCAManagedConnectionFactory,name=JOnASJDBC_DM,J2EEServer=jonas
2017-12-15 08:48:49,679 : SEVERE : FelixStartLevel : BaseJMXService.unregisterMBean :    jonas:j2eeType=JCAConnectionFactory,name=JOnASJDBC_DM,JCAResource=jonas-jca-jdbc-dm-5.3.0,J2EEServer=jonas:javax.management.InstanceNotFoundException: jonas:j2eeType=JCAConnectionFactory,name=JOnASJDBC_DM,JCAResource=jonas-jca-jdbc-dm-5.3.0,J2EEServer=jonas
2017-12-15 08:48:49,680 : SEVERE : FelixStartLevel : BaseJMXService.unregisterMBean :    jonas:j2eeType=JCAResource,name=jonas-jca-jdbc-dm-5.3.0,J2EEServer=jonas,ResourceAdapter=jonas-jca-jdbc-dm-5.3.0:javax.management.InstanceNotFoundException: jonas:j2eeType=JCAResource,name=jonas-jca-jdbc-dm-5.3.0,J2EEServer=jonas,ResourceAdapter=jonas-jca-jdbc-dm-5.3.0
2017-12-15 08:48:49,680 : SEVERE : FelixStartLevel : BaseJMXService.unregisterMBean :    jonas:j2eeType=ResourceAdapter,name=jonas-jca-jdbc-dm-5.3.0,ResourceAdapterModule=jonas-jca-jdbc-dm-5.3.0,J2EEApplication=null,J2EEServer=jonas:javax.management.InstanceNotFoundException: jonas:j2eeType=ResourceAdapter,name=jonas-jca-jdbc-dm-5.3.0,ResourceAdapterModule=jonas-jca-jdbc-dm-5.3.0,J2EEApplication=null,J2EEServer=jonas
2017-12-15 08:48:49,681 : SEVERE : FelixStartLevel : BaseJMXService.unregisterMBean :    jonas:j2eeType=ResourceAdapterModule,name=jonas-jca-jdbc-dm-5.3.0,J2EEServer=jonas,J2EEApplication=null:javax.management.InstanceNotFoundException: jonas:j2eeType=ResourceAdapterModule,name=jonas-jca-jdbc-dm-5.3.0,J2EEServer=jonas,J2EEApplication=null
2017-12-15 08:48:49,682 : INFO : FelixStartLevel : JOnASJMXService.__M_doStop :    JMX Service stopped
2017-12-15 08:48:49,885 : INFO : FelixStartLevel : CarolRegistryService.__M_doStop :    Carol Registry Service stopped
2017-12-15 08:48:49,969 : INFO : FelixStartLevel : ConfigAdminDeployer.__M_undeploy :    Undeploying Configurations for 'joramAdminConfig.xml'
2017-12-15 08:48:50,023 : INFO : FelixStartLevel : ConfigAdminDeployer.__M_undeploy :    Undeploying Configurations for 'tomcat7-http-connector.xml'
2017-12-15 08:48:50,031 : INFO : FelixStartLevel : ConfigAdminDeployer.__M_undeploy :    Undeploying Configurations for 'joramAdminUserConfig.xml'
2017-12-15 08:48:56,645 : INFO : Thread-2 : ExtensionLoaderComponent.__M_start :    Some jars have been found in [/home4/yv965015/VERON/M2/S1/BDED/TP/JONAS/jonas-full-5.3.0/lib/ext, /home4/yv965015/VERON/M2/S1/BDED/TP/JONAS/MyJonas/lib/ext]. They have been transformed into bundles (see /home4/yv965015/VERON/M2/S1/BDED/TP/JONAS/MyJonas/work/ext-bundles directory).This is NOT the preferred way to extend JOnAS libraries, prefer to use carefully created and tested bundles, and place them in your deploy/ directory.
2017-12-15 08:48:56,686 : INFO : Thread-2 : ExtensionLoaderComponent.__M_start :    file:/home4/yv965015/VERON/M2/S1/BDED/TP/JONAS/MyJonas/work/ext-bundles/ojdbc14.jar installed as a bundle.
2017-12-15 08:48:56,842 : INFO : Thread-2 : NameServiceManager.startNonStartedNS :    Name service for jrmp is started on port ' 1099'.
2017-12-15 08:48:56,843 : INFO : Thread-2 : CarolRegistryService.__M_doStart :    Carol Registry Service started
2017-12-15 08:48:56,979 : INFO : Thread-2 : JOnASJMXService$2.execute :    JMX security is disabled
2017-12-15 08:48:56,980 : INFO : Thread-2 : JOnASJMXService.__M_doStart :    JMX Service started using connector(s)[service:jmx:rmi://localhost/jndi/rmi://localhost:1099/jrmpconnector_jonas]
2017-12-15 08:48:57,048 : INFO : Thread-2 : PolicyProvider.init :    Using JOnAS PolicyConfigurationFactory provider and JOnAS Policy provider
2017-12-15 08:48:57,170 : INFO : Thread-2 : JonasSecurityServiceImpl.__M_doStart :    Security Service started
2017-12-15 08:48:57,413 : INFO : Thread-2 : EndpointCollector.__M_doStart :    Endpoint Collector started.
2017-12-15 08:48:57,681 : INFO : Thread-2 : J2EEServer.__M_setStarting :    JVM used is 1.7.0_03 version of Java HotSpot(TM) Server VM-22.1-b02/Oracle Corporation vendor on Linux 3.16.0-4-amd64/i386 OS.
2017-12-15 08:48:57,682 : INFO : Thread-2 : J2EEServer.__M_info :    JOnAS AS v5.3.0 named 'jonas' STARTING
2017-12-15 08:48:57,828 : INFO : CM Configuration Updater (ManagedServiceFactory Update: factoryPid=org.ow2.jonas.workcleaner.internal.JOnASWorkCleanerService) : JOnASWorkCleanerService.__M_doStart :    WorkCleaner Service started.
2017-12-15 08:48:57,896 : INFO : CM Configuration Updater (ManagedServiceFactory Update: factoryPid=org.ow2.jonas.tm.jotm.JOTMTransactionService) : TransactionRecoveryImpl.<init> :    JOTM properties file= /home4/yv965015/VERON/M2/S1/BDED/TP/JONAS/MyJonas/conf/jotm.properties
2017-12-15 08:48:57,897 : INFO : CM Configuration Updater (ManagedServiceFactory Update: factoryPid=org.ow2.jonas.tm.jotm.JOTMTransactionService) : Current.setDefaultRecovery :    Jotm Recovery= false
2017-12-15 08:48:57,981 : INFO : CM Configuration Updater (ManagedServiceFactory Update: factoryPid=org.ow2.jonas.tm.jotm.JOTMTransactionService) : JOTMTransactionService.__M_doStart :    TransactionService started, default timeout= 60
2017-12-15 08:48:58,047 : INFO : CM Configuration Updater (ManagedServiceFactory Update: factoryPid=org.ow2.jonas.db.h2.H2DBServiceImpl) : H2DBServiceImpl.__M_doStart :    Starting H2 Server '1.3.164' on port '9001'
2017-12-15 08:48:58,081 : INFO : Thread-2 : JNDIInterceptorsComponent.__M_start :    JNDI Interceptors component started
2017-12-15 08:48:58,324 : INFO : CM Configuration Updater (ManagedServiceFactory Update: factoryPid=org.ow2.jonas.db.h2.H2DBServiceImpl) : H2DBServiceImpl.__M_doStart :    Dropping and adding user 'jonas' with password 'jonas'.
2017-12-15 08:48:58,496 : INFO : CM Configuration Updater (ManagedServiceFactory Update: factoryPid=org.ow2.jonas.workmanager.internal.JOnASWorkManagerService) : JOnASWorkManagerService.__M_doStart :    WorkManager Service started.
2017-12-15 08:48:58,596 : INFO : CM Configuration Updater (ManagedServiceFactory Update: factoryPid=org.ow2.jonas.resource.internal.JOnASResourceService) : RARDeployer.doDeploy :    Deploying jonas-jca-jdbc-cp-5.3.0.rar
2017-12-15 08:48:58,768 : INFO : CM Configuration Updater (ManagedServiceFactory Update: factoryPid=org.ow2.jonas.resource.internal.JOnASResourceService) : Rar.processRar :    jonas-jca-jdbc-cp-5.3.0.rar available
2017-12-15 08:48:58,771 : INFO : CM Configuration Updater (ManagedServiceFactory Update: factoryPid=org.ow2.jonas.resource.internal.JOnASResourceService) : RARDeployer.doDeploy :    Deploying jonas-jca-jdbc-ds-5.3.0.rar
2017-12-15 08:48:58,840 : INFO : CM Configuration Updater (ManagedServiceFactory Update: factoryPid=org.ow2.jonas.resource.internal.JOnASResourceService) : Rar.processRar :    jonas-jca-jdbc-ds-5.3.0.rar available
2017-12-15 08:48:58,843 : INFO : CM Configuration Updater (ManagedServiceFactory Update: factoryPid=org.ow2.jonas.resource.internal.JOnASResourceService) : RARDeployer.doDeploy :    Deploying jonas-jca-jdbc-dm-5.3.0.rar
2017-12-15 08:48:58,896 : INFO : CM Configuration Updater (ManagedServiceFactory Update: factoryPid=org.ow2.jonas.resource.internal.JOnASResourceService) : Rar.processRar :    jonas-jca-jdbc-dm-5.3.0.rar available
2017-12-15 08:48:58,900 : INFO : CM Configuration Updater (ManagedServiceFactory Update: factoryPid=org.ow2.jonas.resource.internal.JOnASResourceService) : RARDeployer.doDeploy :    Deploying jonas-jca-jdbc-xa-5.3.0.rar
2017-12-15 08:48:58,952 : INFO : CM Configuration Updater (ManagedServiceFactory Update: factoryPid=org.ow2.jonas.resource.internal.JOnASResourceService) : Rar.processRar :    jonas-jca-jdbc-xa-5.3.0.rar available
2017-12-15 08:48:58,952 : INFO : CM Configuration Updater (ManagedServiceFactory Update: factoryPid=org.ow2.jonas.resource.internal.JOnASResourceService) : JOnASResourceService.__M_doStart :    Resource Service started
2017-12-15 08:48:59,356 : INFO : CM Configuration Updater (ManagedServiceFactory Update: factoryPid=org.ow2.jonas.ejb.easybeans.EasyBeansService) : SchedulerSignalerImpl.<init> :    Initialized Scheduler Signaller of type: class org.quartz.core.SchedulerSignalerImpl
2017-12-15 08:48:59,359 : INFO : CM Configuration Updater (ManagedServiceFactory Update: factoryPid=org.ow2.jonas.ejb.easybeans.EasyBeansService) : EventComponent.start :    started.
2017-12-15 08:48:59,365 : INFO : CM Configuration Updater (ManagedServiceFactory Update: factoryPid=org.ow2.jonas.ejb.easybeans.EasyBeansService) : StatisticComponent.start :    Statistics component started with factories: [org.ow2.easybeans.statistic.MeanCallTimeStatisticFactory, org.ow2.easybeans.statistic.CallCountStatisticFactory, org.ow2.easybeans.statistic.TotalCallTimeStatisticFactory]
2017-12-15 08:48:59,365 : INFO : CM Configuration Updater (ManagedServiceFactory Update: factoryPid=org.ow2.jonas.ejb.easybeans.EasyBeansService) : ComponentManager.startComponents :    [ Component(s) started : Quartz Event Carol RemoteJNDIResolver Jmx Statistic ]
2017-12-15 08:48:59,379 : INFO : CM Configuration Updater (ManagedServiceFactory Update: factoryPid=org.ow2.jonas.ejb.easybeans.EasyBeansService) : Embedded.start :    Démarrage de EasyBeans '2.0.0' effectué en '116' ms.
2017-12-15 08:48:59,571 : INFO : CM Configuration Updater (Update: pid=org.ow2.jonas.ws.publish.internal.manager.DefaultWSDLPublisherManager.582046f3-3318-4dd3-a629-583071b21cc0) : InstrumentationManagerImpl.registerMBeanWithServer :    registering MBean org.apache.cxf:bus.id=cxf28187244,WorkQueueManager=Bus.WorkQueueManager,type=WorkQueues,name=default,instance.id=24234662: org.apache.cxf.bus.managers.WorkQueueImplMBeanWrapper@1af74ba
2017-12-15 08:48:59,575 : INFO : CM Configuration Updater (Update: pid=org.ow2.jonas.ws.publish.internal.manager.DefaultWSDLPublisherManager.582046f3-3318-4dd3-a629-583071b21cc0) : InstrumentationManagerImpl.registerMBeanWithServer :    registering MBean org.apache.cxf:bus.id=cxf28187244,WorkQueueManager=Bus.WorkQueueManager,type=WorkQueues,name=default,instance.id=24234662: javax.management.modelmbean.RequiredModelMBean@8f61fd
2017-12-15 08:48:59,579 : INFO : CM Configuration Updater (Update: pid=org.ow2.jonas.ws.publish.internal.manager.DefaultWSDLPublisherManager.582046f3-3318-4dd3-a629-583071b21cc0) : CXFService.__M_doStart :    Apache CXF 2.7.4 started
2017-12-15 08:49:00,097 : INFO : CM Configuration Updater (Update: pid=org.ow2.jonas.web.tomcat7.Tomcat7Service.301df7f3-fd33-4b73-b16f-56ee159c9e86) : StandardService.startInternal :    Starting service jonas
2017-12-15 08:49:00,098 : INFO : CM Configuration Updater (Update: pid=org.ow2.jonas.web.tomcat7.Tomcat7Service.301df7f3-fd33-4b73-b16f-56ee159c9e86) : StandardEngine.startInternal :    Starting Servlet Engine: Apache Tomcat/7.0.39
2017-12-15 08:49:00,203 : INFO : CM Configuration Updater (Update: pid=org.ow2.jonas.web.tomcat7.Tomcat7Service.301df7f3-fd33-4b73-b16f-56ee159c9e86) : WebappLoader.startInternal :    Dual registration of jndi stream handler: factory already defined
2017-12-15 08:49:00,850 : INFO : CM Configuration Updater (Update: pid=org.ow2.jonas.ear.internal.JOnASEARService.d1e558ad-a1eb-4abf-ab32-5cf95b2a5b18) : JOnASEARService.__M_doStart :    EAR Service started
2017-12-15 08:49:00,917 : INFO : CM Configuration Updater (Update: pid=org.ow2.jonas.deployablemonitor.DeployableMonitorService.1b4f997e-8727-46ba-9c9d-6dcda96de71d) : DeployableMonitorService.__M_doStart :    Use the deploy directories '[]', development mode is 'true'
2017-12-15 08:49:02,061 : INFO : Thread-12 : DeployableMonitor.detectNewArchives :    Deployables to deploy at startup: [[[RAR:/home4/yv965015/VERON/M2/S1/BDED/TP/JONAS/MyJonas/deploy/Oracle_DM.rar], [DatasourceDeployable:/home4/yv965015/VERON/M2/S1/BDED/TP/JONAS/MyJonas/deploy/jdbc-ds.xml], [ConfigAdminDeployable:/home4/yv965015/VERON/M2/S1/BDED/TP/JONAS/MyJonas/deploy/joramAdminConfig.xml], [ConfigAdminDeployable:/home4/yv965015/VERON/M2/S1/BDED/TP/JONAS/MyJonas/deploy/joramAdminUserConfig.xml], [ConfigAdminDeployable:/home4/yv965015/VERON/M2/S1/BDED/TP/JONAS/MyJonas/deploy/tomcat7-http-connector.xml], [DeploymentPlan:/home4/yv965015/VERON/M2/S1/BDED/TP/JONAS/MyJonas/deploy/jms-joram-client-plan.xml], [DeploymentPlan:/home4/yv965015/VERON/M2/S1/BDED/TP/JONAS/MyJonas/deploy/jms-joram-server-plan.xml], [DeploymentPlan:/home4/yv965015/VERON/M2/S1/BDED/TP/JONAS/MyJonas/deploy/jonas-admin-plan.xml], [DeploymentPlan:/home4/yv965015/VERON/M2/S1/BDED/TP/JONAS/MyJonas/deploy/jonas-ctxroot-plan.xml], [DeploymentPlan:/home4/yv965015/VERON/M2/S1/BDED/TP/JONAS/MyJonas/deploy/jonas-doc-en-plan.xml], [DeploymentPlan:/home4/yv965015/VERON/M2/S1/BDED/TP/JONAS/MyJonas/deploy/jonas-jca-scout-plan.xml], [DeploymentPlan:/home4/yv965015/VERON/M2/S1/BDED/TP/JONAS/MyJonas/deploy/mejb-plan.xml], [EJB21:/home4/yv965015/VERON/M2/S1/BDED/TP/JONAS/MyJonas/deploy/helloWorld.jar], [EAR:/home4/yv965015/VERON/M2/S1/BDED/TP/JONAS/MyJonas/deploy/javaee5-earsample.ear], [EAR:/home4/yv965015/VERON/M2/S1/BDED/TP/JONAS/MyJonas/deploy/myEarSample.ear], [Unknown:/home4/yv965015/VERON/M2/S1/BDED/TP/JONAS/MyJonas/deploy/Oracle_DM (copie).jar]]]
2017-12-15 08:49:02,089 : INFO : Thread-12 : RARDeployer.doDeploy :    Deploying Oracle_DM.rar
2017-12-15 08:49:02,731 : INFO : Thread-12 : Rar.processRar :    Oracle_DM.rar available
2017-12-15 08:49:02,732 : INFO : Thread-12 : DatasourceDeployer.deployDatasource :    Deploying datasource DatasourceDeployable[archive=/home4/yv965015/VERON/M2/S1/BDED/TP/JONAS/MyJonas/deploy/jdbc-ds.xml]
2017-12-15 08:49:02,780 : INFO : Thread-12 : DatasourceDeployer.deployDatasource :    Generate RAR /home4/yv965015/VERON/M2/S1/BDED/TP/JONAS/jonas-full-5.3.0/repositories/maven2-internal/org/ow2/jonas/jonas-jca-jdbc-dm/5.3.0/jonas-jca-jdbc-dm-5.3.0.rar -> /home4/yv965015/VERON/M2/S1/BDED/TP/JONAS/MyJonas/work/deployer/datasources/jonas/ds-jdbc_1-3222655399841472630.rar
2017-12-15 08:49:02,838 : INFO : Thread-12 : RARDeployer.doDeploy :    Deploying ds-jdbc_1-3222655399841472630.rar
2017-12-15 08:49:02,893 : INFO : Thread-12 : Rar.processRar :    ds-jdbc_1-3222655399841472630.rar available
2017-12-15 08:49:02,896 : INFO : Thread-12 : DatasourceDeployer.deployDatasource :    Generate RAR /home4/yv965015/VERON/M2/S1/BDED/TP/JONAS/jonas-full-5.3.0/repositories/maven2-internal/org/ow2/jonas/jonas-jca-jdbc-dm/5.3.0/jonas-jca-jdbc-dm-5.3.0.rar -> /home4/yv965015/VERON/M2/S1/BDED/TP/JONAS/MyJonas/work/deployer/datasources/jonas/ds-jdbc_xa1-234708405029449259.rar
2017-12-15 08:49:02,934 : INFO : Thread-12 : RARDeployer.doDeploy :    Deploying ds-jdbc_xa1-234708405029449259.rar
2017-12-15 08:49:02,971 : INFO : Thread-12 : Rar.processRar :    ds-jdbc_xa1-234708405029449259.rar available
2017-12-15 08:49:02,974 : INFO : Thread-12 : DatasourceDeployer.deployDatasource :    Generate RAR /home4/yv965015/VERON/M2/S1/BDED/TP/JONAS/jonas-full-5.3.0/repositories/maven2-internal/org/ow2/jonas/jonas-jca-jdbc-dm/5.3.0/jonas-jca-jdbc-dm-5.3.0.rar -> /home4/yv965015/VERON/M2/S1/BDED/TP/JONAS/MyJonas/work/deployer/datasources/jonas/ds-jdbc_xa2-3905719404141185812.rar
2017-12-15 08:49:03,003 : INFO : Thread-12 : RARDeployer.doDeploy :    Deploying ds-jdbc_xa2-3905719404141185812.rar
2017-12-15 08:49:03,031 : INFO : Thread-12 : Rar.processRar :    ds-jdbc_xa2-3905719404141185812.rar available
2017-12-15 08:49:03,069 : INFO : Thread-12 : ConfigAdminDeployer.__M_deploy :    Deployed 4 Configuration(s) [4 bound, 0 unbound, 0 failed] for 'joramAdminConfig.xml'
2017-12-15 08:49:03,128 : INFO : Thread-12 : ConfigAdminDeployer.__M_deploy :    Deployed 7 Configuration(s) [7 bound, 0 unbound, 0 failed] for 'joramAdminUserConfig.xml'
2017-12-15 08:49:03,136 : INFO : Thread-12 : ConfigAdminDeployer.__M_deploy :    Deployed 1 Configuration(s) [1 bound, 0 unbound, 0 failed] for 'tomcat7-http-connector.xml'
2017-12-15 08:49:03,178 : INFO : CM Configuration Updater (Update: pid=Tomcat7HttpConnector.057dff94-3314-4c53-a871-b313eb9e9041) : AbstractProtocol.init :    Initializing ProtocolHandler ["http-bio-8991"]
2017-12-15 08:49:03,183 : INFO : CM Configuration Updater (Update: pid=Tomcat7HttpConnector.057dff94-3314-4c53-a871-b313eb9e9041) : AbstractProtocol.start :    Starting ProtocolHandler ["http-bio-8991"]
2017-12-15 08:49:03,192 : INFO : CM Configuration Updater (Update: pid=Tomcat7HttpConnector.057dff94-3314-4c53-a871-b313eb9e9041) : BaseWebContainerService.setDefaultHttpPort :    OnDemand Feature enabled: Listening on '9000' port (internal:8991).
2017-12-15 08:49:03,193 : INFO : CM Configuration Updater (Update: pid=Tomcat7HttpConnector.057dff94-3314-4c53-a871-b313eb9e9041) : Tomcat7HttpConnector.__M_start :    Tomcat HTTP connector /9000 created - enableLookups=false
2017-12-15 08:49:03,204 : WARNING : Thread-12 : OSGiDeployer.installBundle :    Cannot deploy a bundle that is already installed OSGiDeployableImpl[archive=/home4/yv965015/VERON/M2/S1/BDED/TP/JONAS/jonas-full-5.3.0/repositories/maven2-internal/org/ow2/jonas/jonas-services-api/5.3.0/jonas-services-api-5.3.0.jar]. 
2017-12-15 08:49:03,218 : WARNING : Thread-12 : OSGiDeployer.installBundle :    Cannot deploy a bundle that is already installed OSGiDeployableImpl[archive=/home4/yv965015/VERON/M2/S1/BDED/TP/JONAS/jonas-full-5.3.0/repositories/maven2-internal/org/ow2/util/log/log-bridge-jul/2.0.0/log-bridge-jul-2.0.0.jar]. 
2017-12-15 08:49:03,332 : INFO : Thread-12 : RARDeployer.doDeploy :    Deploying joram-jca-jonas-5.8.0.rar
2017-12-15 08:49:04,219 : INFO : Thread-12 : Rar.processRar :    joram-jca-jonas-5.8.0.rar available
2017-12-15 08:49:04,247 : INFO : Thread-12 : WARDeployer.doDeploy :    Deploying jonas-admin-core-5.3.0.war
2017-12-15 08:49:04,249 : INFO : Thread-12 : HttpOnDemandProxy.addWar :    The war file '/home4/yv965015/VERON/M2/S1/BDED/TP/JONAS/jonas-full-5.3.0/repositories/maven2-internal/org/ow2/jonas/jonas-admin-core/5.3.0/jonas-admin-core-5.3.0.war' is available on demand at the context /jonasAdmin
2017-12-15 08:49:04,252 : INFO : Thread-12 : WARDeployer.doDeploy :    Deploying jonas-ctxroot-core-5.3.0.war
2017-12-15 08:49:04,254 : INFO : Thread-12 : HttpOnDemandProxy.addWar :    The war file '/home4/yv965015/VERON/M2/S1/BDED/TP/JONAS/jonas-full-5.3.0/repositories/maven2-internal/org/ow2/jonas/jonas-ctxroot-core/5.3.0/jonas-ctxroot-core-5.3.0.war' is available on demand at the context /
2017-12-15 08:49:04,257 : INFO : Thread-12 : WARDeployer.doDeploy :    Deploying jonas-doc-en-5.3.0-M7.war
2017-12-15 08:49:04,258 : INFO : Thread-12 : HttpOnDemandProxy.addWar :    The war file '/home4/yv965015/VERON/M2/S1/BDED/TP/JONAS/jonas-full-5.3.0/repositories/maven2-internal/org/ow2/jonas/documentation/jonas-doc-en/5.3.0-M7/jonas-doc-en-5.3.0-M7.war' is available on demand at the context /jonas-doc-en
2017-12-15 08:49:04,269 : INFO : Thread-12 : RARDeployer.doDeploy :    Deploying jonas-jca-scout-rar-5.3.0.rar
2017-12-15 08:49:04,371 : INFO : Thread-12 : JAXRResourceAdapter.start :    Starting Scout ResourceAdapter
2017-12-15 08:49:04,387 : INFO : Thread-12 : Rar.processRar :    jonas-jca-scout-rar-5.3.0.rar available
2017-12-15 08:49:04,432 : INFO : Thread-12 : EasyBeansDeployer.doDeploy :    Deploying 'mejb-core-5.3.0.jar'...
2017-12-15 08:49:04,583 : INFO : Thread-12 : Enhancer.enhance :    Beans found are [MEJB]
2017-12-15 08:49:04,777 : INFO : Thread-12 : JDK14LoggerAdapter.info :    created ORBSingleton
2017-12-15 08:49:04,862 : INFO : Thread-12 : JContainer3.start :    Container '/home4/yv965015/VERON/M2/S1/BDED/TP/JONAS/MyJonas/work/ejb3s/jonas/mejb-core-5.3.0_2013.10.01-13.23.00.jar' [1 SLSB, 0 SFSB, 0 Sing, 0 MDB, 0 MB] started in 408 ms
2017-12-15 08:49:04,864 : INFO : Thread-12 : EasyBeansDeployer.doDeploy :    'mejb-core-5.3.0.jar' EJB3 Deployable is now deployed
2017-12-15 08:49:04,886 : INFO : Thread-12 : EarDeployer.doDeploy :    Deploying 'EAR 'javaee5-earsample.ear', application.xml  provided, Content: , 1 EJB-JAR(s) {ejb3.jar}, 3 CAR(s) {jms-application-client.jar, not-secured-application-client.jar, jaas-secured-application-client.jar}'
2017-12-15 08:49:04,936 : INFO : CM Configuration Updater (ManagedServiceFactory Update: factoryPid=org.ow2.jonas.mail.internal.JOnASMailService) : JOnASMailService.__M_createMailFactory :    Mapping Mail Factory javax.mail.Session on mailSession_1
2017-12-15 08:49:04,942 : INFO : CM Configuration Updater (ManagedServiceFactory Update: factoryPid=org.ow2.jonas.mail.internal.JOnASMailService) : JOnASMailService.__M_createMailFactory :    Mapping Mail Factory javax.mail.internet.MimePartDataSource on mailMimePartDS_1
2017-12-15 08:49:04,944 : INFO : CM Configuration Updater (ManagedServiceFactory Update: factoryPid=org.ow2.jonas.mail.internal.JOnASMailService) : JOnASMailService.__M_doStart :    Mail Service started
2017-12-15 08:49:05,017 : INFO : Thread-12 : Enhancer.enhance :    Beans found are [JMSMessageBean, MailerBean, InitializerBean, WriterBean, ReaderBean]
2017-12-15 08:49:05,158 : INFO : Thread-12 : Logger.logf :    HCANN000001: Hibernate Commons Annotations {4.0.1.Final}
2017-12-15 08:49:05,162 : INFO : Thread-12 : Logger.logf :    HHH000412: Hibernate Core {4.1.12.Final}
2017-12-15 08:49:05,344 : INFO : Thread-12 : Logger.logf :    HHH000130: Instantiating explicit connection provider: org.hibernate.ejb.connection.InjectedDataSourceConnectionProvider
2017-12-15 08:49:05,409 : INFO : Thread-12 : Logger.logf :    HHH000423: Disabling contextual LOB creation as JDBC driver reported JDBC version [3] less than 4
2017-12-15 08:49:05,417 : INFO : Thread-12 : Logger.logf :    HHH000268: Transaction strategy: org.hibernate.engine.transaction.internal.jta.CMTTransactionFactory
2017-12-15 08:49:05,420 : INFO : Thread-12 : Logger.logf :    HHH000397: Using ASTQueryTranslatorFactory
2017-12-15 08:49:05,922 : INFO : Thread-12 : JContainer3.start :    Container '/home4/yv965015/VERON/M2/S1/BDED/TP/JONAS/MyJonas/work/apps/jonas/javaee5-earsample_2017.12.14-11.08.20.ear/ejb3.jar' [4 SLSB, 0 SFSB, 0 Sing, 1 MDB, 0 MB] started in 906 ms
2017-12-15 08:49:05,933 : INFO : Thread-12 : EarDeployer.doDeploy :    'javaee5-earsample.ear' EAR Deployable has been deployed (1 065 ms)
2017-12-15 08:49:05,956 : INFO : Thread-12 : EarDeployer.doDeploy :    Deploying 'EAR 'myEarSample.ear', application.xml  provided, Content: , 1 EJB-JAR(s) {ejb3.jar}, 1 WAR(s) {MyEarSample.war}, 3 CAR(s) {jms-application-client.jar, not-secured-application-client.jar, jaas-secured-application-client.jar}'
2017-12-15 08:49:06,019 : INFO : Thread-12 : Enhancer.enhance :    Beans found are [JMSMessageBean, MailerBean, InitializerBean, WriterBean, ReaderBean]
2017-12-15 08:49:06,063 : INFO : Thread-12 : Logger.logf :    HHH000130: Instantiating explicit connection provider: org.hibernate.ejb.connection.InjectedDataSourceConnectionProvider
2017-12-15 08:49:06,119 : INFO : Thread-12 : Logger.logf :    HHH000424: Disabling contextual LOB creation as createClob() method threw error : java.lang.reflect.InvocationTargetException
2017-12-15 08:49:06,120 : INFO : Thread-12 : Logger.logf :    HHH000268: Transaction strategy: org.hibernate.engine.transaction.internal.jta.CMTTransactionFactory
2017-12-15 08:49:06,120 : INFO : Thread-12 : Logger.logf :    HHH000397: Using ASTQueryTranslatorFactory
2017-12-15 08:49:06,161 : ERROR : Thread-12 : Logger.logf :    HHH000389: Unsuccessful: drop table Author cascade constraints
2017-12-15 08:49:06,161 : ERROR : Thread-12 : Logger.error :    ORA-00942: Table ou vue inexistante

2017-12-15 08:49:06,166 : ERROR : Thread-12 : Logger.logf :    HHH000389: Unsuccessful: drop table Book cascade constraints
2017-12-15 08:49:06,166 : ERROR : Thread-12 : Logger.error :    ORA-00942: Table ou vue inexistante

2017-12-15 08:49:06,173 : ERROR : Thread-12 : Logger.logf :    HHH000389: Unsuccessful: drop sequence hibernate_sequence
2017-12-15 08:49:06,174 : ERROR : Thread-12 : Logger.error :    ORA-02289: la séquence n'existe pas

2017-12-15 08:49:06,443 : INFO : Thread-12 : JContainer3.start :    Container '/home4/yv965015/VERON/M2/S1/BDED/TP/JONAS/MyJonas/work/apps/jonas/myEarSample_2017.12.14-11.54.20.ear/ejb3.jar' [4 SLSB, 0 SFSB, 0 Sing, 1 MDB, 0 MB] started in 425 ms
2017-12-15 08:49:06,989 : INFO : Thread-12 : BaseWebContainerService.registerWar :    War MyEarSample.war available at the context /MyEarSample.
2017-12-15 08:49:06,990 : INFO : Thread-12 : EarDeployer.doDeploy :    'myEarSample.ear' EAR Deployable has been deployed (1 056 ms)
2017-12-15 08:49:07,676 : SEVERE : Thread-12 : DeployableMonitor.detectNewArchives :    The archive '/home4/yv965015/VERON/M2/S1/BDED/TP/JONAS/MyJonas/deploy/Oracle_DM (copie).jar' is flagged as unkwnown deployable. Do not deploy it
2017-12-15 08:49:07,677 : INFO : Thread-12 : J2EEServer.__M_info :    JOnAS AS v5.3.0 named 'jonas' RUNNING
2017-12-15 08:50:01,491 : INFO : org.ow2.jonas.web.base.proxy.HttpSocketHandler-0 : TaglibUriRule.body :    TLD skipped. URI: http://struts.apache.org/tags-html is already defined
2017-12-15 08:50:01,498 : INFO : org.ow2.jonas.web.base.proxy.HttpSocketHandler-0 : TaglibUriRule.body :    TLD skipped. URI: http://struts.apache.org/tags-bean is already defined
2017-12-15 08:50:01,501 : INFO : org.ow2.jonas.web.base.proxy.HttpSocketHandler-0 : TaglibUriRule.body :    TLD skipped. URI: http://struts.apache.org/tags-logic is already defined
2017-12-15 08:50:01,504 : INFO : org.ow2.jonas.web.base.proxy.HttpSocketHandler-0 : TaglibUriRule.body :    TLD skipped. URI: http://jakarta.apache.org/struts/tags-template-1.0.2 is already defined
2017-12-15 08:50:01,554 : INFO : org.ow2.jonas.web.base.proxy.HttpSocketHandler-0 : TaglibUriRule.body :    TLD skipped. URI: http://struts.apache.org/tags-bean is already defined
2017-12-15 08:50:01,561 : INFO : org.ow2.jonas.web.base.proxy.HttpSocketHandler-0 : TaglibUriRule.body :    TLD skipped. URI: http://struts.apache.org/tags-html is already defined
2017-12-15 08:50:01,568 : INFO : org.ow2.jonas.web.base.proxy.HttpSocketHandler-0 : TaglibUriRule.body :    TLD skipped. URI: http://struts.apache.org/tags-logic is already defined
2017-12-15 08:50:02,209 : INFO : org.ow2.jonas.web.base.proxy.HttpSocketHandler-0 : BaseWebContainerService.registerWar :    War jonas-admin-core-5.3.0.war available at the context /jonasAdmin.
