Tue Nov 18 12:51:02 CET 2008  [debug] AvalonLogSystem initialized using logfile 'velocity.log'
Tue Nov 18 12:51:02 CET 2008   [info] ************************************************************** 
Tue Nov 18 12:51:02 CET 2008   [info] Starting Jakarta Velocity v1.4
Tue Nov 18 12:51:02 CET 2008   [info] RuntimeInstance initializing.
Tue Nov 18 12:51:02 CET 2008   [info] Default Properties File: org\apache\velocity\runtime\defaults\velocity.properties
Tue Nov 18 12:51:02 CET 2008   [info] Trying to use logger class org.apache.velocity.runtime.log.AvalonLogSystem
Tue Nov 18 12:51:02 CET 2008   [info] Using logger class org.apache.velocity.runtime.log.AvalonLogSystem
Tue Nov 18 12:51:02 CET 2008   [info] Default ResourceManager initializing. (class org.apache.velocity.runtime.resource.ResourceManagerImpl)
Tue Nov 18 12:51:02 CET 2008   [info] Resource Loader Instantiated: org.apache.velocity.runtime.resource.loader.ClasspathResourceLoader
Tue Nov 18 12:51:02 CET 2008   [info] ClasspathResourceLoader : initialization starting.
Tue Nov 18 12:51:02 CET 2008   [info] ClasspathResourceLoader : initialization complete.
Tue Nov 18 12:51:02 CET 2008   [info] ResourceCache : initialized. (class org.apache.velocity.runtime.resource.ResourceCacheImpl)
Tue Nov 18 12:51:02 CET 2008   [info] Default ResourceManager initialization complete.
Tue Nov 18 12:51:02 CET 2008   [info] Loaded System Directive: org.apache.velocity.runtime.directive.Literal
Tue Nov 18 12:51:02 CET 2008   [info] Loaded System Directive: org.apache.velocity.runtime.directive.Macro
Tue Nov 18 12:51:02 CET 2008   [info] Loaded System Directive: org.apache.velocity.runtime.directive.Parse
Tue Nov 18 12:51:02 CET 2008   [info] Loaded System Directive: org.apache.velocity.runtime.directive.Include
Tue Nov 18 12:51:02 CET 2008   [info] Loaded System Directive: org.apache.velocity.runtime.directive.Foreach
Tue Nov 18 12:51:03 CET 2008   [info] Created: 20 parsers.
Tue Nov 18 12:51:03 CET 2008   [info] Velocimacro : initialization starting.
Tue Nov 18 12:51:03 CET 2008   [info] Velocimacro : adding VMs from VM library template : org/ow2/jonas/generators/genic/GenICMacros.vm
Tue Nov 18 12:51:03 CET 2008   [info] Velocimacro : added new VM : #beforeThrowRemoteException( ) : source = org/ow2/jonas/generators/genic/GenICMacros.vm
Tue Nov 18 12:51:03 CET 2008   [info] Velocimacro : added new VM : #afterThrowRemoteException( ) : source = org/ow2/jonas/generators/genic/GenICMacros.vm
Tue Nov 18 12:51:03 CET 2008   [info] Velocimacro : added new VM : #timerVariablesDeclaration( ) : source = org/ow2/jonas/generators/genic/GenICMacros.vm
Tue Nov 18 12:51:03 CET 2008   [info] Velocimacro : added new VM : #getRequestStartTime( ) : source = org/ow2/jonas/generators/genic/GenICMacros.vm
Tue Nov 18 12:51:03 CET 2008   [info] Velocimacro : added new VM : #getRequestStopTime( ) : source = org/ow2/jonas/generators/genic/GenICMacros.vm
Tue Nov 18 12:51:03 CET 2008   [info] Velocimacro : added new VM : #getBusinessStartTime( ) : source = org/ow2/jonas/generators/genic/GenICMacros.vm
Tue Nov 18 12:51:03 CET 2008   [info] Velocimacro : added new VM : #getBusinessStopTime( ) : source = org/ow2/jonas/generators/genic/GenICMacros.vm
Tue Nov 18 12:51:03 CET 2008   [info] Velocimacro : added new VM : #updateEJBMonitoringData( ) : source = org/ow2/jonas/generators/genic/GenICMacros.vm
Tue Nov 18 12:51:03 CET 2008   [info] ResourceManager : found org/ow2/jonas/generators/genic/GenICMacros.vm with loader org.apache.velocity.runtime.resource.loader.ClasspathResourceLoader
Tue Nov 18 12:51:03 CET 2008   [info] Velocimacro :  VM library template macro registration complete.
Tue Nov 18 12:51:03 CET 2008   [info] Velocimacro : allowInline = true : VMs can be defined inline in templates
Tue Nov 18 12:51:03 CET 2008   [info] Velocimacro : allowInlineToOverride = false : VMs defined inline may NOT replace previous VM definitions
Tue Nov 18 12:51:03 CET 2008   [info] Velocimacro : allowInlineLocal = false : VMs defined inline will be  global in scope if allowed.
Tue Nov 18 12:51:03 CET 2008   [info] Velocimacro : messages on  : VM system will output logging messages
Tue Nov 18 12:51:03 CET 2008   [info] Velocimacro : autoload off  : VM system will not automatically reload global library macros
Tue Nov 18 12:51:03 CET 2008   [info] Velocimacro : initialization complete.
Tue Nov 18 12:51:03 CET 2008   [info] Velocity successfully started.
Tue Nov 18 12:51:03 CET 2008   [info] ResourceManager : found org/ow2/jonas/generators/genic/JStatefulHome.vm with loader org.apache.velocity.runtime.resource.loader.ClasspathResourceLoader
Tue Nov 18 12:51:03 CET 2008   [warn] org.apache.velocity.runtime.exception.ReferenceException: reference : template = org/ow2/jonas/generators/genic/JStatefulHome.vm [line 35,column 11] : $Id is not a valid reference.
Tue Nov 18 12:51:03 CET 2008   [warn] org.apache.velocity.runtime.exception.ReferenceException: reference : template = org/ow2/jonas/generators/genic/JStatefulHome.vm [line 1,column 42] : $Id is not a valid reference.
Tue Nov 18 12:51:03 CET 2008   [warn] org.apache.velocity.runtime.exception.ReferenceException: reference : template = org/ow2/jonas/generators/genic/JStatefulHome.vm [line 1,column 45] : $Id is not a valid reference.
Tue Nov 18 12:51:03 CET 2008   [warn] org.apache.velocity.runtime.exception.ReferenceException: reference : template = org/ow2/jonas/generators/genic/JStatefulHome.vm [line 1,column 42] : $Id is not a valid reference.
Tue Nov 18 12:51:03 CET 2008   [warn] org.apache.velocity.runtime.exception.ReferenceException: reference : template = org/ow2/jonas/generators/genic/JStatefulHome.vm [line 1,column 45] : $Id is not a valid reference.
Tue Nov 18 12:51:03 CET 2008   [warn] org.apache.velocity.runtime.exception.ReferenceException: reference : template = org/ow2/jonas/generators/genic/JStatefulHome.vm [line 1,column 42] : $Id is not a valid reference.
Tue Nov 18 12:51:03 CET 2008   [warn] org.apache.velocity.runtime.exception.ReferenceException: reference : template = org/ow2/jonas/generators/genic/JStatefulHome.vm [line 1,column 45] : $Id is not a valid reference.
Tue Nov 18 12:51:03 CET 2008   [warn] org.apache.velocity.runtime.exception.ReferenceException: reference : template = org/ow2/jonas/generators/genic/JStatefulHome.vm [line 182,column 9] : $Id is not a valid reference.
Tue Nov 18 12:51:03 CET 2008   [info] ResourceManager : found org/ow2/jonas/generators/genic/JStatefulRemote.vm with loader org.apache.velocity.runtime.resource.loader.ClasspathResourceLoader
Tue Nov 18 12:51:03 CET 2008   [warn] org.apache.velocity.runtime.exception.ReferenceException: reference : template = org/ow2/jonas/generators/genic/JStatefulRemote.vm [line 36,column 11] : $Id is not a valid reference.
Tue Nov 18 12:51:03 CET 2008   [warn] org.apache.velocity.runtime.exception.ReferenceException: reference : template = org/ow2/jonas/generators/genic/JStatefulRemote.vm [line 1,column 42] : $Id is not a valid reference.
Tue Nov 18 12:51:03 CET 2008   [warn] org.apache.velocity.runtime.exception.ReferenceException: reference : template = org/ow2/jonas/generators/genic/JStatefulRemote.vm [line 1,column 45] : $Id is not a valid reference.
Tue Nov 18 12:51:03 CET 2008   [warn] org.apache.velocity.runtime.exception.ReferenceException: reference : template = org/ow2/jonas/generators/genic/JStatefulRemote.vm [line 1,column 42] : $Id is not a valid reference.
Tue Nov 18 12:51:03 CET 2008   [warn] org.apache.velocity.runtime.exception.ReferenceException: reference : template = org/ow2/jonas/generators/genic/JStatefulRemote.vm [line 1,column 45] : $Id is not a valid reference.
Tue Nov 18 12:51:03 CET 2008   [warn] org.apache.velocity.runtime.exception.ReferenceException: reference : template = org/ow2/jonas/generators/genic/JStatefulRemote.vm [line 1,column 42] : $Id is not a valid reference.
Tue Nov 18 12:51:03 CET 2008   [warn] org.apache.velocity.runtime.exception.ReferenceException: reference : template = org/ow2/jonas/generators/genic/JStatefulRemote.vm [line 1,column 45] : $Id is not a valid reference.
Tue Nov 18 12:51:03 CET 2008   [warn] org.apache.velocity.runtime.exception.ReferenceException: reference : template = org/ow2/jonas/generators/genic/JStatefulRemote.vm [line 236,column 9] : $Id is not a valid reference.
Tue Nov 18 12:51:03 CET 2008   [info] ResourceManager : found org/ow2/jonas/generators/genic/JStatefulLocalHome.vm with loader org.apache.velocity.runtime.resource.loader.ClasspathResourceLoader
Tue Nov 18 12:51:03 CET 2008   [warn] org.apache.velocity.runtime.exception.ReferenceException: reference : template = org/ow2/jonas/generators/genic/JStatefulLocalHome.vm [line 30,column 11] : $Id is not a valid reference.
Tue Nov 18 12:51:03 CET 2008   [warn] org.apache.velocity.runtime.exception.ReferenceException: reference : template = org/ow2/jonas/generators/genic/JStatefulLocalHome.vm [line 135,column 9] : $Id is not a valid reference.
Tue Nov 18 12:51:03 CET 2008   [info] ResourceManager : found org/ow2/jonas/generators/genic/JStatefulLocal.vm with loader org.apache.velocity.runtime.resource.loader.ClasspathResourceLoader
Tue Nov 18 12:51:03 CET 2008   [warn] org.apache.velocity.runtime.exception.ReferenceException: reference : template = org/ow2/jonas/generators/genic/JStatefulLocal.vm [line 36,column 11] : $Id is not a valid reference.
Tue Nov 18 12:51:03 CET 2008   [warn] org.apache.velocity.runtime.exception.ReferenceException: reference : template = org/ow2/jonas/generators/genic/JStatefulLocal.vm [line 192,column 9] : $Id is not a valid reference.
